[0.953s] DEBUG:colcon:Command line arguments: ['/usr/bin/colcon', 'build']
[0.953s] DEBUG:colcon:Parsed command line arguments: Namespace(log_base=None, log_level=None, verb_name='build', build_base='build', install_base='install', merge_install=False, symlink_install=False, test_result_base=None, continue_on_error=False, executor='parallel', parallel_workers=1, event_handlers=None, ignore_user_meta=False, metas=['./colcon.meta'], base_paths=['.'], packages_ignore=None, packages_ignore_regex=None, paths=None, packages_up_to=None, packages_up_to_regex=None, packages_above=None, packages_above_and_dependencies=None, packages_above_depth=None, packages_select_by_dep=None, packages_skip_by_dep=None, packages_skip_up_to=None, packages_select_build_failed=False, packages_skip_build_finished=False, packages_select_test_failures=False, packages_skip_test_passed=False, packages_select=None, packages_skip=None, packages_select_regex=None, packages_skip_regex=None, packages_start=None, packages_end=None, allow_overriding=[], cmake_args=None, cmake_target=None, cmake_target_skip_unavailable=False, cmake_clean_cache=False, cmake_clean_first=False, cmake_force_configure=False, ament_cmake_args=None, catkin_cmake_args=None, catkin_skip_building_tests=False, verb_parser=<colcon_defaults.argument_parser.defaults.DefaultArgumentsDecorator object at 0x7f04ff213640>, verb_extension=<colcon_core.verb.build.BuildVerb object at 0x7f04ff2130a0>, main=<bound method BuildVerb.main of <colcon_core.verb.build.BuildVerb object at 0x7f04ff2130a0>>)
[2.118s] Level 1:colcon.colcon_core.package_discovery:discover_packages(colcon_meta) check parameters
[2.119s] Level 1:colcon.colcon_core.package_discovery:discover_packages(recursive) check parameters
[2.119s] Level 1:colcon.colcon_core.package_discovery:discover_packages(ignore) check parameters
[2.119s] Level 1:colcon.colcon_core.package_discovery:discover_packages(path) check parameters
[2.119s] Level 1:colcon.colcon_core.package_discovery:discover_packages(colcon_meta) discover
[2.119s] Level 1:colcon.colcon_core.package_discovery:discover_packages(recursive) discover
[2.119s] INFO:colcon.colcon_core.package_discovery:Crawling recursively for packages in '/home/ole/oleros2'
[2.120s] Level 1:colcon.colcon_core.package_identification:_identify(.) by extensions ['ignore', 'ignore_ament_install']
[2.120s] Level 1:colcon.colcon_core.package_identification:_identify(.) by extension 'ignore'
[2.120s] Level 1:colcon.colcon_core.package_identification:_identify(.) by extension 'ignore_ament_install'
[2.120s] Level 1:colcon.colcon_core.package_identification:_identify(.) by extensions ['colcon_pkg']
[2.120s] Level 1:colcon.colcon_core.package_identification:_identify(.) by extension 'colcon_pkg'
[2.120s] Level 1:colcon.colcon_core.package_identification:_identify(.) by extensions ['colcon_meta']
[2.121s] Level 1:colcon.colcon_core.package_identification:_identify(.) by extension 'colcon_meta'
[2.121s] Level 1:colcon.colcon_core.package_identification:_identify(.) by extensions ['ros']
[2.121s] Level 1:colcon.colcon_core.package_identification:_identify(.) by extension 'ros'
[2.158s] Level 1:colcon.colcon_core.package_identification:_identify(.) by extensions ['cmake', 'python']
[2.158s] Level 1:colcon.colcon_core.package_identification:_identify(.) by extension 'cmake'
[2.158s] Level 1:colcon.colcon_core.package_identification:_identify(.) by extension 'python'
[2.158s] Level 1:colcon.colcon_core.package_identification:_identify(.) by extensions ['python_setup_py']
[2.158s] Level 1:colcon.colcon_core.package_identification:_identify(.) by extension 'python_setup_py'
[2.158s] Level 1:colcon.colcon_core.package_identification:_identify(build) by extensions ['ignore', 'ignore_ament_install']
[2.159s] Level 1:colcon.colcon_core.package_identification:_identify(build) by extension 'ignore'
[2.159s] Level 1:colcon.colcon_core.package_identification:_identify(build) ignored
[2.159s] Level 1:colcon.colcon_core.package_identification:_identify(install) by extensions ['ignore', 'ignore_ament_install']
[2.159s] Level 1:colcon.colcon_core.package_identification:_identify(install) by extension 'ignore'
[2.159s] Level 1:colcon.colcon_core.package_identification:_identify(install) ignored
[2.159s] Level 1:colcon.colcon_core.package_identification:_identify(log) by extensions ['ignore', 'ignore_ament_install']
[2.159s] Level 1:colcon.colcon_core.package_identification:_identify(log) by extension 'ignore'
[2.159s] Level 1:colcon.colcon_core.package_identification:_identify(log) ignored
[2.160s] Level 1:colcon.colcon_core.package_identification:_identify(src) by extensions ['ignore', 'ignore_ament_install']
[2.160s] Level 1:colcon.colcon_core.package_identification:_identify(src) by extension 'ignore'
[2.160s] Level 1:colcon.colcon_core.package_identification:_identify(src) by extension 'ignore_ament_install'
[2.160s] Level 1:colcon.colcon_core.package_identification:_identify(src) by extensions ['colcon_pkg']
[2.160s] Level 1:colcon.colcon_core.package_identification:_identify(src) by extension 'colcon_pkg'
[2.160s] Level 1:colcon.colcon_core.package_identification:_identify(src) by extensions ['colcon_meta']
[2.160s] Level 1:colcon.colcon_core.package_identification:_identify(src) by extension 'colcon_meta'
[2.160s] Level 1:colcon.colcon_core.package_identification:_identify(src) by extensions ['ros']
[2.160s] Level 1:colcon.colcon_core.package_identification:_identify(src) by extension 'ros'
[2.160s] Level 1:colcon.colcon_core.package_identification:_identify(src) by extensions ['cmake', 'python']
[2.160s] Level 1:colcon.colcon_core.package_identification:_identify(src) by extension 'cmake'
[2.160s] Level 1:colcon.colcon_core.package_identification:_identify(src) by extension 'python'
[2.160s] Level 1:colcon.colcon_core.package_identification:_identify(src) by extensions ['python_setup_py']
[2.160s] Level 1:colcon.colcon_core.package_identification:_identify(src) by extension 'python_setup_py'
[2.161s] Level 1:colcon.colcon_core.package_identification:_identify(src/lidar_msgs) by extensions ['ignore', 'ignore_ament_install']
[2.161s] Level 1:colcon.colcon_core.package_identification:_identify(src/lidar_msgs) by extension 'ignore'
[2.161s] Level 1:colcon.colcon_core.package_identification:_identify(src/lidar_msgs) by extension 'ignore_ament_install'
[2.161s] Level 1:colcon.colcon_core.package_identification:_identify(src/lidar_msgs) by extensions ['colcon_pkg']
[2.161s] Level 1:colcon.colcon_core.package_identification:_identify(src/lidar_msgs) by extension 'colcon_pkg'
[2.161s] Level 1:colcon.colcon_core.package_identification:_identify(src/lidar_msgs) by extensions ['colcon_meta']
[2.161s] Level 1:colcon.colcon_core.package_identification:_identify(src/lidar_msgs) by extension 'colcon_meta'
[2.161s] Level 1:colcon.colcon_core.package_identification:_identify(src/lidar_msgs) by extensions ['ros']
[2.161s] Level 1:colcon.colcon_core.package_identification:_identify(src/lidar_msgs) by extension 'ros'
[2.169s] DEBUG:colcon.colcon_core.package_identification:Package 'src/lidar_msgs' with type 'ros.ament_cmake' and name 'lidar_msgs'
[2.169s] Level 1:colcon.colcon_core.package_identification:_identify(src/ros2_lidar) by extensions ['ignore', 'ignore_ament_install']
[2.169s] Level 1:colcon.colcon_core.package_identification:_identify(src/ros2_lidar) by extension 'ignore'
[2.169s] Level 1:colcon.colcon_core.package_identification:_identify(src/ros2_lidar) by extension 'ignore_ament_install'
[2.169s] Level 1:colcon.colcon_core.package_identification:_identify(src/ros2_lidar) by extensions ['colcon_pkg']
[2.169s] Level 1:colcon.colcon_core.package_identification:_identify(src/ros2_lidar) by extension 'colcon_pkg'
[2.169s] Level 1:colcon.colcon_core.package_identification:_identify(src/ros2_lidar) by extensions ['colcon_meta']
[2.169s] Level 1:colcon.colcon_core.package_identification:_identify(src/ros2_lidar) by extension 'colcon_meta'
[2.169s] Level 1:colcon.colcon_core.package_identification:_identify(src/ros2_lidar) by extensions ['ros']
[2.169s] Level 1:colcon.colcon_core.package_identification:_identify(src/ros2_lidar) by extension 'ros'
[2.173s] DEBUG:colcon.colcon_core.package_identification:Package 'src/ros2_lidar' with type 'ros.ament_cmake' and name 'ros2_lidar'
[2.173s] Level 1:colcon.colcon_core.package_discovery:discover_packages(recursive) using defaults
[2.173s] Level 1:colcon.colcon_core.package_discovery:discover_packages(ignore) discover
[2.173s] Level 1:colcon.colcon_core.package_discovery:discover_packages(ignore) using defaults
[2.173s] Level 1:colcon.colcon_core.package_discovery:discover_packages(path) discover
[2.173s] Level 1:colcon.colcon_core.package_discovery:discover_packages(path) using defaults
[2.230s] Level 1:colcon.colcon_core.package_discovery:discover_packages(prefix_path) check parameters
[2.230s] Level 1:colcon.colcon_core.package_discovery:discover_packages(prefix_path) discover
[2.242s] DEBUG:colcon.colcon_installed_package_information.package_discovery:Found 270 installed packages in /opt/ros/humble
[2.249s] Level 1:colcon.colcon_core.package_discovery:discover_packages(prefix_path) using defaults
[2.356s] Level 5:colcon.colcon_core.verb:set package 'lidar_msgs' build argument 'cmake_args' from command line to 'None'
[2.357s] Level 5:colcon.colcon_core.verb:set package 'lidar_msgs' build argument 'cmake_target' from command line to 'None'
[2.357s] Level 5:colcon.colcon_core.verb:set package 'lidar_msgs' build argument 'cmake_target_skip_unavailable' from command line to 'False'
[2.357s] Level 5:colcon.colcon_core.verb:set package 'lidar_msgs' build argument 'cmake_clean_cache' from command line to 'False'
[2.357s] Level 5:colcon.colcon_core.verb:set package 'lidar_msgs' build argument 'cmake_clean_first' from command line to 'False'
[2.357s] Level 5:colcon.colcon_core.verb:set package 'lidar_msgs' build argument 'cmake_force_configure' from command line to 'False'
[2.357s] Level 5:colcon.colcon_core.verb:set package 'lidar_msgs' build argument 'ament_cmake_args' from command line to 'None'
[2.357s] Level 5:colcon.colcon_core.verb:set package 'lidar_msgs' build argument 'catkin_cmake_args' from command line to 'None'
[2.357s] Level 5:colcon.colcon_core.verb:set package 'lidar_msgs' build argument 'catkin_skip_building_tests' from command line to 'False'
[2.357s] DEBUG:colcon.colcon_core.verb:Building package 'lidar_msgs' with the following arguments: {'ament_cmake_args': None, 'build_base': '/home/ole/oleros2/build/lidar_msgs', 'catkin_cmake_args': None, 'catkin_skip_building_tests': False, 'cmake_args': None, 'cmake_clean_cache': False, 'cmake_clean_first': False, 'cmake_force_configure': False, 'cmake_target': None, 'cmake_target_skip_unavailable': False, 'install_base': '/home/ole/oleros2/install/lidar_msgs', 'merge_install': False, 'path': '/home/ole/oleros2/src/lidar_msgs', 'symlink_install': False, 'test_result_base': None}
[2.358s] Level 5:colcon.colcon_core.verb:set package 'ros2_lidar' build argument 'cmake_args' from command line to 'None'
[2.358s] Level 5:colcon.colcon_core.verb:set package 'ros2_lidar' build argument 'cmake_target' from command line to 'None'
[2.358s] Level 5:colcon.colcon_core.verb:set package 'ros2_lidar' build argument 'cmake_target_skip_unavailable' from command line to 'False'
[2.358s] Level 5:colcon.colcon_core.verb:set package 'ros2_lidar' build argument 'cmake_clean_cache' from command line to 'False'
[2.358s] Level 5:colcon.colcon_core.verb:set package 'ros2_lidar' build argument 'cmake_clean_first' from command line to 'False'
[2.358s] Level 5:colcon.colcon_core.verb:set package 'ros2_lidar' build argument 'cmake_force_configure' from command line to 'False'
[2.358s] Level 5:colcon.colcon_core.verb:set package 'ros2_lidar' build argument 'ament_cmake_args' from command line to 'None'
[2.358s] Level 5:colcon.colcon_core.verb:set package 'ros2_lidar' build argument 'catkin_cmake_args' from command line to 'None'
[2.358s] Level 5:colcon.colcon_core.verb:set package 'ros2_lidar' build argument 'catkin_skip_building_tests' from command line to 'False'
[2.358s] DEBUG:colcon.colcon_core.verb:Building package 'ros2_lidar' with the following arguments: {'ament_cmake_args': None, 'build_base': '/home/ole/oleros2/build/ros2_lidar', 'catkin_cmake_args': None, 'catkin_skip_building_tests': False, 'cmake_args': None, 'cmake_clean_cache': False, 'cmake_clean_first': False, 'cmake_force_configure': False, 'cmake_target': None, 'cmake_target_skip_unavailable': False, 'install_base': '/home/ole/oleros2/install/ros2_lidar', 'merge_install': False, 'path': '/home/ole/oleros2/src/ros2_lidar', 'symlink_install': False, 'test_result_base': None}
[2.358s] INFO:colcon.colcon_core.executor:Executing jobs using 'parallel' executor
[2.360s] DEBUG:colcon.colcon_parallel_executor.executor.parallel:run_until_complete
[2.360s] INFO:colcon.colcon_ros.task.ament_cmake.build:Building ROS package in '/home/ole/oleros2/src/lidar_msgs' with build type 'ament_cmake'
[2.360s] INFO:colcon.colcon_cmake.task.cmake.build:Building CMake package in '/home/ole/oleros2/src/lidar_msgs'
[2.362s] INFO:colcon.colcon_core.plugin_system:Skipping extension 'colcon_core.shell.bat': Not used on non-Windows systems
[2.363s] INFO:colcon.colcon_core.shell:Skip shell extension 'powershell' for command environment: Not usable outside of PowerShell
[2.363s] DEBUG:colcon.colcon_core.shell:Skip shell extension 'dsv' for command environment
[2.372s] DEBUG:colcon.colcon_core.event_handler.log_command:Invoking command in '/home/ole/oleros2/build/lidar_msgs': CMAKE_PREFIX_PATH=/opt/ros/humble /usr/bin/cmake /home/ole/oleros2/src/lidar_msgs -DCMAKE_INSTALL_PREFIX=/home/ole/oleros2/install/lidar_msgs
[7.059s] DEBUG:colcon.colcon_core.event_handler.log_command:Invoked command in '/home/ole/oleros2/build/lidar_msgs' returned '0': CMAKE_PREFIX_PATH=/opt/ros/humble /usr/bin/cmake /home/ole/oleros2/src/lidar_msgs -DCMAKE_INSTALL_PREFIX=/home/ole/oleros2/install/lidar_msgs
[7.059s] DEBUG:colcon.colcon_core.event_handler.log_command:Invoking command in '/home/ole/oleros2/build/lidar_msgs': CMAKE_PREFIX_PATH=/opt/ros/humble /usr/bin/cmake --build /home/ole/oleros2/build/lidar_msgs -- -j1 -l1
[22.854s] DEBUG:colcon.colcon_core.event_handler.log_command:Invoked command in '/home/ole/oleros2/build/lidar_msgs' returned '0': CMAKE_PREFIX_PATH=/opt/ros/humble /usr/bin/cmake --build /home/ole/oleros2/build/lidar_msgs -- -j1 -l1
[22.957s] DEBUG:colcon.colcon_core.event_handler.log_command:Invoking command in '/home/ole/oleros2/build/lidar_msgs': CMAKE_PREFIX_PATH=/opt/ros/humble /usr/bin/cmake --install /home/ole/oleros2/build/lidar_msgs
[23.107s] Level 1:colcon.colcon_core.environment:create_environment_scripts_only(lidar_msgs)
[23.121s] Level 1:colcon.colcon_core.environment:checking '/home/ole/oleros2/install/lidar_msgs' for CMake module files
[23.122s] DEBUG:colcon.colcon_core.event_handler.log_command:Invoked command in '/home/ole/oleros2/build/lidar_msgs' returned '0': CMAKE_PREFIX_PATH=/opt/ros/humble /usr/bin/cmake --install /home/ole/oleros2/build/lidar_msgs
[23.123s] Level 1:colcon.colcon_core.environment:checking '/home/ole/oleros2/install/lidar_msgs' for CMake config files
[23.124s] Level 1:colcon.colcon_core.shell:create_environment_hook('lidar_msgs', 'cmake_prefix_path')
[23.124s] INFO:colcon.colcon_core.shell:Creating environment hook '/home/ole/oleros2/install/lidar_msgs/share/lidar_msgs/hook/cmake_prefix_path.ps1'
[23.125s] INFO:colcon.colcon_core.shell:Creating environment descriptor '/home/ole/oleros2/install/lidar_msgs/share/lidar_msgs/hook/cmake_prefix_path.dsv'
[23.126s] INFO:colcon.colcon_core.shell:Creating environment hook '/home/ole/oleros2/install/lidar_msgs/share/lidar_msgs/hook/cmake_prefix_path.sh'
[23.127s] Level 1:colcon.colcon_core.environment:checking '/home/ole/oleros2/install/lidar_msgs/lib'
[23.127s] Level 1:colcon.colcon_core.shell:create_environment_hook('lidar_msgs', 'ld_library_path_lib')
[23.127s] INFO:colcon.colcon_core.shell:Creating environment hook '/home/ole/oleros2/install/lidar_msgs/share/lidar_msgs/hook/ld_library_path_lib.ps1'
[23.128s] INFO:colcon.colcon_core.shell:Creating environment descriptor '/home/ole/oleros2/install/lidar_msgs/share/lidar_msgs/hook/ld_library_path_lib.dsv'
[23.128s] INFO:colcon.colcon_core.shell:Creating environment hook '/home/ole/oleros2/install/lidar_msgs/share/lidar_msgs/hook/ld_library_path_lib.sh'
[23.128s] Level 1:colcon.colcon_core.environment:checking '/home/ole/oleros2/install/lidar_msgs/bin'
[23.129s] Level 1:colcon.colcon_core.environment:checking '/home/ole/oleros2/install/lidar_msgs/lib/pkgconfig/lidar_msgs.pc'
[23.129s] Level 1:colcon.colcon_core.environment:checking '/home/ole/oleros2/install/lidar_msgs/lib/python3.10/site-packages'
[23.129s] Level 1:colcon.colcon_core.environment:checking '/home/ole/oleros2/install/lidar_msgs/bin'
[23.130s] INFO:colcon.colcon_core.shell:Creating package script '/home/ole/oleros2/install/lidar_msgs/share/lidar_msgs/package.ps1'
[23.131s] INFO:colcon.colcon_core.shell:Creating package descriptor '/home/ole/oleros2/install/lidar_msgs/share/lidar_msgs/package.dsv'
[23.132s] INFO:colcon.colcon_core.shell:Creating package script '/home/ole/oleros2/install/lidar_msgs/share/lidar_msgs/package.sh'
[23.133s] INFO:colcon.colcon_core.shell:Creating package script '/home/ole/oleros2/install/lidar_msgs/share/lidar_msgs/package.bash'
[23.134s] INFO:colcon.colcon_core.shell:Creating package script '/home/ole/oleros2/install/lidar_msgs/share/lidar_msgs/package.zsh'
[23.135s] Level 1:colcon.colcon_core.environment:create_file_with_runtime_dependencies(/home/ole/oleros2/install/lidar_msgs/share/colcon-core/packages/lidar_msgs)
[23.227s] Level 1:colcon.colcon_core.environment:create_environment_scripts_only(lidar_msgs)
[23.227s] Level 1:colcon.colcon_core.environment:checking '/home/ole/oleros2/install/lidar_msgs' for CMake module files
[23.235s] Level 1:colcon.colcon_core.environment:checking '/home/ole/oleros2/install/lidar_msgs' for CMake config files
[23.236s] Level 1:colcon.colcon_core.shell:create_environment_hook('lidar_msgs', 'cmake_prefix_path')
[23.237s] INFO:colcon.colcon_core.shell:Creating environment hook '/home/ole/oleros2/install/lidar_msgs/share/lidar_msgs/hook/cmake_prefix_path.ps1'
[23.237s] INFO:colcon.colcon_core.shell:Creating environment descriptor '/home/ole/oleros2/install/lidar_msgs/share/lidar_msgs/hook/cmake_prefix_path.dsv'
[23.239s] INFO:colcon.colcon_core.shell:Creating environment hook '/home/ole/oleros2/install/lidar_msgs/share/lidar_msgs/hook/cmake_prefix_path.sh'
[23.240s] Level 1:colcon.colcon_core.environment:checking '/home/ole/oleros2/install/lidar_msgs/lib'
[23.240s] Level 1:colcon.colcon_core.shell:create_environment_hook('lidar_msgs', 'ld_library_path_lib')
[23.240s] INFO:colcon.colcon_core.shell:Creating environment hook '/home/ole/oleros2/install/lidar_msgs/share/lidar_msgs/hook/ld_library_path_lib.ps1'
[23.241s] INFO:colcon.colcon_core.shell:Creating environment descriptor '/home/ole/oleros2/install/lidar_msgs/share/lidar_msgs/hook/ld_library_path_lib.dsv'
[23.243s] INFO:colcon.colcon_core.shell:Creating environment hook '/home/ole/oleros2/install/lidar_msgs/share/lidar_msgs/hook/ld_library_path_lib.sh'
[23.243s] Level 1:colcon.colcon_core.environment:checking '/home/ole/oleros2/install/lidar_msgs/bin'
[23.244s] Level 1:colcon.colcon_core.environment:checking '/home/ole/oleros2/install/lidar_msgs/lib/pkgconfig/lidar_msgs.pc'
[23.244s] Level 1:colcon.colcon_core.environment:checking '/home/ole/oleros2/install/lidar_msgs/lib/python3.10/site-packages'
[23.245s] Level 1:colcon.colcon_core.environment:checking '/home/ole/oleros2/install/lidar_msgs/bin'
[23.246s] INFO:colcon.colcon_core.shell:Creating package script '/home/ole/oleros2/install/lidar_msgs/share/lidar_msgs/package.ps1'
[23.246s] INFO:colcon.colcon_core.shell:Creating package descriptor '/home/ole/oleros2/install/lidar_msgs/share/lidar_msgs/package.dsv'
[23.247s] INFO:colcon.colcon_core.shell:Creating package script '/home/ole/oleros2/install/lidar_msgs/share/lidar_msgs/package.sh'
[23.248s] INFO:colcon.colcon_core.shell:Creating package script '/home/ole/oleros2/install/lidar_msgs/share/lidar_msgs/package.bash'
[23.248s] INFO:colcon.colcon_core.shell:Creating package script '/home/ole/oleros2/install/lidar_msgs/share/lidar_msgs/package.zsh'
[23.249s] Level 1:colcon.colcon_core.environment:create_file_with_runtime_dependencies(/home/ole/oleros2/install/lidar_msgs/share/colcon-core/packages/lidar_msgs)
[23.250s] INFO:colcon.colcon_ros.task.ament_cmake.build:Building ROS package in '/home/ole/oleros2/src/ros2_lidar' with build type 'ament_cmake'
[23.250s] INFO:colcon.colcon_cmake.task.cmake.build:Building CMake package in '/home/ole/oleros2/src/ros2_lidar'
[23.251s] INFO:colcon.colcon_core.shell:Skip shell extension 'powershell' for command environment: Not usable outside of PowerShell
[23.251s] DEBUG:colcon.colcon_core.shell:Skip shell extension 'dsv' for command environment
[23.264s] DEBUG:colcon.colcon_core.event_handler.log_command:Invoking command in '/home/ole/oleros2/build/ros2_lidar': AMENT_PREFIX_PATH=/home/ole/oleros2/install/lidar_msgs:${AMENT_PREFIX_PATH} CMAKE_PREFIX_PATH=/home/ole/oleros2/install/lidar_msgs:/opt/ros/humble LD_LIBRARY_PATH=/home/ole/oleros2/install/lidar_msgs/lib:${LD_LIBRARY_PATH} PYTHONPATH=/home/ole/oleros2/install/lidar_msgs/local/lib/python3.10/dist-packages:${PYTHONPATH} /usr/bin/cmake /home/ole/oleros2/src/ros2_lidar -DCMAKE_INSTALL_PREFIX=/home/ole/oleros2/install/ros2_lidar
[29.142s] DEBUG:colcon.colcon_core.event_handler.log_command:Invoked command in '/home/ole/oleros2/build/ros2_lidar' returned '0': AMENT_PREFIX_PATH=/home/ole/oleros2/install/lidar_msgs:${AMENT_PREFIX_PATH} CMAKE_PREFIX_PATH=/home/ole/oleros2/install/lidar_msgs:/opt/ros/humble LD_LIBRARY_PATH=/home/ole/oleros2/install/lidar_msgs/lib:${LD_LIBRARY_PATH} PYTHONPATH=/home/ole/oleros2/install/lidar_msgs/local/lib/python3.10/dist-packages:${PYTHONPATH} /usr/bin/cmake /home/ole/oleros2/src/ros2_lidar -DCMAKE_INSTALL_PREFIX=/home/ole/oleros2/install/ros2_lidar
[29.142s] DEBUG:colcon.colcon_core.event_handler.log_command:Invoking command in '/home/ole/oleros2/build/ros2_lidar': AMENT_PREFIX_PATH=/home/ole/oleros2/install/lidar_msgs:${AMENT_PREFIX_PATH} CMAKE_PREFIX_PATH=/home/ole/oleros2/install/lidar_msgs:/opt/ros/humble LD_LIBRARY_PATH=/home/ole/oleros2/install/lidar_msgs/lib:${LD_LIBRARY_PATH} PYTHONPATH=/home/ole/oleros2/install/lidar_msgs/local/lib/python3.10/dist-packages:${PYTHONPATH} /usr/bin/cmake --build /home/ole/oleros2/build/ros2_lidar -- -j1 -l1
[95.600s] DEBUG:colcon.colcon_core.event_handler.log_command:Invoked command in '/home/ole/oleros2/build/ros2_lidar' returned '0': AMENT_PREFIX_PATH=/home/ole/oleros2/install/lidar_msgs:${AMENT_PREFIX_PATH} CMAKE_PREFIX_PATH=/home/ole/oleros2/install/lidar_msgs:/opt/ros/humble LD_LIBRARY_PATH=/home/ole/oleros2/install/lidar_msgs/lib:${LD_LIBRARY_PATH} PYTHONPATH=/home/ole/oleros2/install/lidar_msgs/local/lib/python3.10/dist-packages:${PYTHONPATH} /usr/bin/cmake --build /home/ole/oleros2/build/ros2_lidar -- -j1 -l1
[95.652s] DEBUG:colcon.colcon_core.event_handler.log_command:Invoking command in '/home/ole/oleros2/build/ros2_lidar': AMENT_PREFIX_PATH=/home/ole/oleros2/install/lidar_msgs:${AMENT_PREFIX_PATH} CMAKE_PREFIX_PATH=/home/ole/oleros2/install/lidar_msgs:/opt/ros/humble LD_LIBRARY_PATH=/home/ole/oleros2/install/lidar_msgs/lib:${LD_LIBRARY_PATH} PYTHONPATH=/home/ole/oleros2/install/lidar_msgs/local/lib/python3.10/dist-packages:${PYTHONPATH} /usr/bin/cmake --install /home/ole/oleros2/build/ros2_lidar
[95.690s] Level 1:colcon.colcon_core.environment:create_environment_scripts_only(ros2_lidar)
[95.690s] Level 1:colcon.colcon_core.environment:checking '/home/ole/oleros2/install/ros2_lidar' for CMake module files
[95.691s] DEBUG:colcon.colcon_core.event_handler.log_command:Invoked command in '/home/ole/oleros2/build/ros2_lidar' returned '0': AMENT_PREFIX_PATH=/home/ole/oleros2/install/lidar_msgs:${AMENT_PREFIX_PATH} CMAKE_PREFIX_PATH=/home/ole/oleros2/install/lidar_msgs:/opt/ros/humble LD_LIBRARY_PATH=/home/ole/oleros2/install/lidar_msgs/lib:${LD_LIBRARY_PATH} PYTHONPATH=/home/ole/oleros2/install/lidar_msgs/local/lib/python3.10/dist-packages:${PYTHONPATH} /usr/bin/cmake --install /home/ole/oleros2/build/ros2_lidar
[95.692s] Level 1:colcon.colcon_core.environment:checking '/home/ole/oleros2/install/ros2_lidar' for CMake config files
[95.692s] Level 1:colcon.colcon_core.shell:create_environment_hook('ros2_lidar', 'cmake_prefix_path')
[95.692s] INFO:colcon.colcon_core.shell:Creating environment hook '/home/ole/oleros2/install/ros2_lidar/share/ros2_lidar/hook/cmake_prefix_path.ps1'
[95.693s] INFO:colcon.colcon_core.shell:Creating environment descriptor '/home/ole/oleros2/install/ros2_lidar/share/ros2_lidar/hook/cmake_prefix_path.dsv'
[95.693s] INFO:colcon.colcon_core.shell:Creating environment hook '/home/ole/oleros2/install/ros2_lidar/share/ros2_lidar/hook/cmake_prefix_path.sh'
[95.694s] Level 1:colcon.colcon_core.environment:checking '/home/ole/oleros2/install/ros2_lidar/lib'
[95.694s] Level 1:colcon.colcon_core.shell:create_environment_hook('ros2_lidar', 'ld_library_path_lib')
[95.694s] INFO:colcon.colcon_core.shell:Creating environment hook '/home/ole/oleros2/install/ros2_lidar/share/ros2_lidar/hook/ld_library_path_lib.ps1'
[95.695s] INFO:colcon.colcon_core.shell:Creating environment descriptor '/home/ole/oleros2/install/ros2_lidar/share/ros2_lidar/hook/ld_library_path_lib.dsv'
[95.695s] INFO:colcon.colcon_core.shell:Creating environment hook '/home/ole/oleros2/install/ros2_lidar/share/ros2_lidar/hook/ld_library_path_lib.sh'
[95.695s] Level 1:colcon.colcon_core.environment:checking '/home/ole/oleros2/install/ros2_lidar/bin'
[95.695s] Level 1:colcon.colcon_core.environment:checking '/home/ole/oleros2/install/ros2_lidar/lib/pkgconfig/ros2_lidar.pc'
[95.696s] Level 1:colcon.colcon_core.environment:checking '/home/ole/oleros2/install/ros2_lidar/lib/python3.10/site-packages'
[95.696s] Level 1:colcon.colcon_core.environment:checking '/home/ole/oleros2/install/ros2_lidar/bin'
[95.697s] INFO:colcon.colcon_core.shell:Creating package script '/home/ole/oleros2/install/ros2_lidar/share/ros2_lidar/package.ps1'
[95.697s] INFO:colcon.colcon_core.shell:Creating package descriptor '/home/ole/oleros2/install/ros2_lidar/share/ros2_lidar/package.dsv'
[95.698s] INFO:colcon.colcon_core.shell:Creating package script '/home/ole/oleros2/install/ros2_lidar/share/ros2_lidar/package.sh'
[95.699s] INFO:colcon.colcon_core.shell:Creating package script '/home/ole/oleros2/install/ros2_lidar/share/ros2_lidar/package.bash'
[95.699s] INFO:colcon.colcon_core.shell:Creating package script '/home/ole/oleros2/install/ros2_lidar/share/ros2_lidar/package.zsh'
[95.699s] Level 1:colcon.colcon_core.environment:create_file_with_runtime_dependencies(/home/ole/oleros2/install/ros2_lidar/share/colcon-core/packages/ros2_lidar)
[95.754s] Level 1:colcon.colcon_core.environment:create_environment_scripts_only(ros2_lidar)
[95.754s] Level 1:colcon.colcon_core.environment:checking '/home/ole/oleros2/install/ros2_lidar' for CMake module files
[95.755s] Level 1:colcon.colcon_core.environment:checking '/home/ole/oleros2/install/ros2_lidar' for CMake config files
[95.755s] Level 1:colcon.colcon_core.shell:create_environment_hook('ros2_lidar', 'cmake_prefix_path')
[95.756s] INFO:colcon.colcon_core.shell:Creating environment hook '/home/ole/oleros2/install/ros2_lidar/share/ros2_lidar/hook/cmake_prefix_path.ps1'
[95.756s] INFO:colcon.colcon_core.shell:Creating environment descriptor '/home/ole/oleros2/install/ros2_lidar/share/ros2_lidar/hook/cmake_prefix_path.dsv'
[95.757s] INFO:colcon.colcon_core.shell:Creating environment hook '/home/ole/oleros2/install/ros2_lidar/share/ros2_lidar/hook/cmake_prefix_path.sh'
[95.759s] Level 1:colcon.colcon_core.environment:checking '/home/ole/oleros2/install/ros2_lidar/lib'
[95.759s] Level 1:colcon.colcon_core.shell:create_environment_hook('ros2_lidar', 'ld_library_path_lib')
[95.759s] INFO:colcon.colcon_core.shell:Creating environment hook '/home/ole/oleros2/install/ros2_lidar/share/ros2_lidar/hook/ld_library_path_lib.ps1'
[95.760s] INFO:colcon.colcon_core.shell:Creating environment descriptor '/home/ole/oleros2/install/ros2_lidar/share/ros2_lidar/hook/ld_library_path_lib.dsv'
[95.760s] INFO:colcon.colcon_core.shell:Creating environment hook '/home/ole/oleros2/install/ros2_lidar/share/ros2_lidar/hook/ld_library_path_lib.sh'
[95.761s] Level 1:colcon.colcon_core.environment:checking '/home/ole/oleros2/install/ros2_lidar/bin'
[95.761s] Level 1:colcon.colcon_core.environment:checking '/home/ole/oleros2/install/ros2_lidar/lib/pkgconfig/ros2_lidar.pc'
[95.761s] Level 1:colcon.colcon_core.environment:checking '/home/ole/oleros2/install/ros2_lidar/lib/python3.10/site-packages'
[95.762s] Level 1:colcon.colcon_core.environment:checking '/home/ole/oleros2/install/ros2_lidar/bin'
[95.762s] INFO:colcon.colcon_core.shell:Creating package script '/home/ole/oleros2/install/ros2_lidar/share/ros2_lidar/package.ps1'
[95.763s] INFO:colcon.colcon_core.shell:Creating package descriptor '/home/ole/oleros2/install/ros2_lidar/share/ros2_lidar/package.dsv'
[95.763s] INFO:colcon.colcon_core.shell:Creating package script '/home/ole/oleros2/install/ros2_lidar/share/ros2_lidar/package.sh'
[95.764s] INFO:colcon.colcon_core.shell:Creating package script '/home/ole/oleros2/install/ros2_lidar/share/ros2_lidar/package.bash'
[95.765s] INFO:colcon.colcon_core.shell:Creating package script '/home/ole/oleros2/install/ros2_lidar/share/ros2_lidar/package.zsh'
[95.765s] Level 1:colcon.colcon_core.environment:create_file_with_runtime_dependencies(/home/ole/oleros2/install/ros2_lidar/share/colcon-core/packages/ros2_lidar)
[95.766s] DEBUG:colcon.colcon_parallel_executor.executor.parallel:closing loop
[95.766s] DEBUG:colcon.colcon_parallel_executor.executor.parallel:loop closed
[95.766s] DEBUG:colcon.colcon_parallel_executor.executor.parallel:run_until_complete finished with '0'
[95.766s] DEBUG:colcon.colcon_core.event_reactor:joining thread
[95.773s] INFO:colcon.colcon_core.plugin_system:Skipping extension 'colcon_notification.desktop_notification.terminal_notifier': Not used on non-Darwin systems
[95.773s] INFO:colcon.colcon_core.plugin_system:Skipping extension 'colcon_notification.desktop_notification.win32': Not used on non-Windows systems
[95.773s] INFO:colcon.colcon_notification.desktop_notification:Sending desktop notification using 'notify2'
[95.824s] DEBUG:colcon.colcon_core.event_reactor:joined thread
[95.825s] INFO:colcon.colcon_core.shell:Creating prefix script '/home/ole/oleros2/install/local_setup.ps1'
[95.826s] INFO:colcon.colcon_core.shell:Creating prefix util module '/home/ole/oleros2/install/_local_setup_util_ps1.py'
[95.835s] INFO:colcon.colcon_core.shell:Creating prefix chain script '/home/ole/oleros2/install/setup.ps1'
[95.837s] INFO:colcon.colcon_core.shell:Creating prefix script '/home/ole/oleros2/install/local_setup.sh'
[95.838s] INFO:colcon.colcon_core.shell:Creating prefix util module '/home/ole/oleros2/install/_local_setup_util_sh.py'
[95.838s] INFO:colcon.colcon_core.shell:Creating prefix chain script '/home/ole/oleros2/install/setup.sh'
[95.844s] INFO:colcon.colcon_core.shell:Creating prefix script '/home/ole/oleros2/install/local_setup.bash'
[95.845s] INFO:colcon.colcon_core.shell:Creating prefix chain script '/home/ole/oleros2/install/setup.bash'
[95.846s] INFO:colcon.colcon_core.shell:Creating prefix script '/home/ole/oleros2/install/local_setup.zsh'
[95.852s] INFO:colcon.colcon_core.shell:Creating prefix chain script '/home/ole/oleros2/install/setup.zsh'
