-- The C compiler identification is GNU 11.4.0
-- The CXX compiler identification is GNU 11.4.0
-- Detecting C compiler ABI info
-- Detecting C compiler ABI info - done
-- Check for working C compiler: /usr/bin/cc - skipped
-- Detecting C compile features
-- Detecting C compile features - done
-- Detecting CXX compiler ABI info
-- Detecting CXX compiler ABI info - done
-- Check for working CXX compiler: /usr/bin/c++ - skipped
-- Detecting CXX compile features
-- Detecting CXX compile features - done
-- Found ament_cmake: 1.3.8 (/opt/ros/humble/share/ament_cmake/cmake)
-- Found Python3: /usr/bin/python3 (found version "3.10.12") found components: Interpreter 
-- Found rclcpp: 16.0.8 (/opt/ros/humble/share/rclcpp/cmake)
-- Found rosidl_generator_c: 3.1.5 (/opt/ros/humble/share/rosidl_generator_c/cmake)
-- Found rosidl_adapter: 3.1.5 (/opt/ros/humble/share/rosidl_adapter/cmake)
-- Found rosidl_generator_cpp: 3.1.5 (/opt/ros/humble/share/rosidl_generator_cpp/cmake)
-- Using all available rosidl_typesupport_c: rosidl_typesupport_fastrtps_c;rosidl_typesupport_introspection_c
-- Using all available rosidl_typesupport_cpp: rosidl_typesupport_fastrtps_cpp;rosidl_typesupport_introspection_cpp
-- Found rmw_implementation_cmake: 6.1.1 (/opt/ros/humble/share/rmw_implementation_cmake/cmake)
-- Found rmw_fastrtps_cpp: 6.2.6 (/opt/ros/humble/share/rmw_fastrtps_cpp/cmake)
-- Found OpenSSL: /usr/lib/x86_64-linux-gnu/libcrypto.so (found version "3.0.2")  
-- Found FastRTPS: /opt/ros/humble/include  
-- Using RMW implementation 'rmw_fastrtps_cpp' as default
-- Looking for pthread.h
-- Looking for pthread.h - found
-- Performing Test CMAKE_HAVE_LIBC_PTHREAD
-- Performing Test CMAKE_HAVE_LIBC_PTHREAD - Success
-- Found Threads: TRUE  
-- Found rclcpp_lifecycle: 16.0.8 (/opt/ros/humble/share/rclcpp_lifecycle/cmake)
-- Found rclcpp_components: 16.0.8 (/opt/ros/humble/share/rclcpp_components/cmake)
-- Found std_srvs: 4.2.3 (/opt/ros/humble/share/std_srvs/cmake)
-- Found sensor_msgs: 4.2.3 (/opt/ros/humble/share/sensor_msgs/cmake)
-- Found tf2_geometry_msgs: 0.25.6 (/opt/ros/humble/share/tf2_geometry_msgs/cmake)
-- Found eigen3_cmake_module: 0.1.1 (/opt/ros/humble/share/eigen3_cmake_module/cmake)
-- Found Eigen3: TRUE (found version "3.4.0") 
-- Ensuring Eigen3 include directory is part of orocos-kdl CMake target
-- Found pcl_conversions: 2.4.0 (/opt/ros/humble/share/pcl_conversions/cmake)
-- Found lidar_msgs: 0.2.0 (/home/ole/oleros2/install/lidar_msgs/share/lidar_msgs/cmake)
-- Checking for module 'eigen3'
--   Found eigen3, version 3.4.0
-- Found Eigen: /usr/include/eigen3 (Required is at least version "3.1") 
-- Eigen found (include: /usr/include/eigen3, version: 3.4.0)
-- Found Boost: /usr/lib/x86_64-linux-gnu/cmake/Boost-1.74.0/BoostConfig.cmake (found suitable version "1.74.0", minimum required is "1.65.0") found components: system filesystem date_time iostreams serialization 
-- looking for PCL_COMMON
-- Found PCL_COMMON: /usr/lib/x86_64-linux-gnu/libpcl_common.so  
-- Found PCL: pcl_common;Boost::system;Boost::filesystem;Boost::date_time;Boost::iostreams;Boost::serialization  
-- Found ament_lint_auto: 0.12.10 (/opt/ros/humble/share/ament_lint_auto/cmake)
-- Added test 'copyright' to check source files copyright and LICENSE
-- Added test 'cppcheck' to perform static code analysis on C / C++ code
-- Configured cppcheck include dirs: /home/ole/oleros2/src/ros2_lidar/include
-- Configured cppcheck exclude dirs and/or files: 
-- Added test 'cpplint' to check C / C++ code against the Google style
-- Configured cpplint exclude dirs and/or files: 
-- Added test 'flake8' to check Python code syntax and style conventions
-- Added test 'lint_cmake' to check CMake code style
-- Added test 'pep257' to check Python code against some of the docstring style conventions in PEP 257
-- Added test 'uncrustify' to check C / C++ code style
-- Configured uncrustify additional arguments: 
-- Added test 'xmllint' to check XML markup files
-- Configuring done
-- Generating done
-- Build files have been written to: /home/ole/oleros2/build/ros2_lidar
[ 14%] [32mBuilding CXX object CMakeFiles/lidar_driver_core.dir/src/driver_types.cpp.o[0m
[ 28%] [32mBuilding CXX object CMakeFiles/lidar_driver_core.dir/src/lidar_driver.cpp.o[0m
[ 42%] [32mBuilding CXX object CMakeFiles/lidar_driver_core.dir/src/lifecycle_interface.cpp.o[0m
[ 57%] [32mBuilding CXX object CMakeFiles/lidar_driver_core.dir/src/OS1/OS1_sensor.cpp.o[0m
[ 71%] [32m[1mLinking CXX shared library liblidar_driver_core.so[0m
[ 71%] Built target lidar_driver_core
[ 85%] [32mBuilding CXX object CMakeFiles/lidar_driver.dir/src/main.cpp.o[0m
[100%] [32m[1mLinking CXX executable lidar_driver[0m
[100%] Built target lidar_driver
-- Install configuration: ""
-- Installing: /home/ole/oleros2/install/ros2_lidar/lib/ros2_lidar/lidar_driver
-- Set runtime path of "/home/ole/oleros2/install/ros2_lidar/lib/ros2_lidar/lidar_driver" to ""
-- Installing: /home/ole/oleros2/install/ros2_lidar/lib/liblidar_driver_core.so
-- Set runtime path of "/home/ole/oleros2/install/ros2_lidar/lib/liblidar_driver_core.so" to ""
-- Installing: /home/ole/oleros2/install/ros2_lidar/include/
-- Installing: /home/ole/oleros2/install/ros2_lidar/include//ros2_lidar
-- Installing: /home/ole/oleros2/install/ros2_lidar/include//ros2_lidar/lidar_driver.hpp
-- Installing: /home/ole/oleros2/install/ros2_lidar/include//ros2_lidar/exception.hpp
-- Installing: /home/ole/oleros2/install/ros2_lidar/include//ros2_lidar/image_os.hpp
-- Installing: /home/ole/oleros2/install/ros2_lidar/include//ros2_lidar/point_os.hpp
-- Installing: /home/ole/oleros2/install/ros2_lidar/include//ros2_lidar/scan_os.hpp
-- Installing: /home/ole/oleros2/install/ros2_lidar/include//ros2_lidar/string_utils.hpp
-- Installing: /home/ole/oleros2/install/ros2_lidar/include//ros2_lidar/OS1
-- Installing: /home/ole/oleros2/install/ros2_lidar/include//ros2_lidar/OS1/OS1_util.hpp
-- Installing: /home/ole/oleros2/install/ros2_lidar/include//ros2_lidar/OS1/OS1_sensor.hpp
-- Installing: /home/ole/oleros2/install/ros2_lidar/include//ros2_lidar/OS1/OS1.hpp
-- Installing: /home/ole/oleros2/install/ros2_lidar/include//ros2_lidar/OS1/processors
-- Installing: /home/ole/oleros2/install/ros2_lidar/include//ros2_lidar/OS1/processors/scan_processor.hpp
-- Installing: /home/ole/oleros2/install/ros2_lidar/include//ros2_lidar/OS1/processors/image_processor.hpp
-- Installing: /home/ole/oleros2/install/ros2_lidar/include//ros2_lidar/OS1/processors/pointcloud_processor.hpp
-- Installing: /home/ole/oleros2/install/ros2_lidar/include//ros2_lidar/OS1/OS1_packet.hpp
-- Installing: /home/ole/oleros2/install/ros2_lidar/include//ros2_lidar/OS1/processor_factories.hpp
-- Installing: /home/ole/oleros2/install/ros2_lidar/include//ros2_lidar/driver_types.hpp
-- Installing: /home/ole/oleros2/install/ros2_lidar/include//ros2_lidar/interfaces
-- Installing: /home/ole/oleros2/install/ros2_lidar/include//ros2_lidar/interfaces/metadata.hpp
-- Installing: /home/ole/oleros2/install/ros2_lidar/include//ros2_lidar/interfaces/configuration.hpp
-- Installing: /home/ole/oleros2/install/ros2_lidar/include//ros2_lidar/interfaces/data_processor_interface.hpp
-- Installing: /home/ole/oleros2/install/ros2_lidar/include//ros2_lidar/interfaces/lifecycle_interface.hpp
-- Installing: /home/ole/oleros2/install/ros2_lidar/include//ros2_lidar/interfaces/sensor_interface.hpp
-- Installing: /home/ole/oleros2/install/ros2_lidar/include//ros2_lidar/conversions.hpp
-- Installing: /home/ole/oleros2/install/ros2_lidar/share/ros2_lidar/launch
-- Installing: /home/ole/oleros2/install/ros2_lidar/share/ros2_lidar/launch/ole2dv2_launch.py
-- Installing: /home/ole/oleros2/install/ros2_lidar/share/ros2_lidar/launch/os1_launch.py
-- Installing: /home/ole/oleros2/install/ros2_lidar/share/ros2_lidar/launch/ole3dv2_launch.py
-- Installing: /home/ole/oleros2/install/ros2_lidar/share/ros2_lidar/params
-- Installing: /home/ole/oleros2/install/ros2_lidar/share/ros2_lidar/params/ole3dv2.yaml
-- Installing: /home/ole/oleros2/install/ros2_lidar/share/ros2_lidar/params/os1.yaml
-- Installing: /home/ole/oleros2/install/ros2_lidar/share/ros2_lidar/params/ole2dv2.yaml
-- Installing: /home/ole/oleros2/install/ros2_lidar/share/ros2_lidar/environment/library_path.sh
-- Installing: /home/ole/oleros2/install/ros2_lidar/share/ros2_lidar/environment/library_path.dsv
-- Installing: /home/ole/oleros2/install/ros2_lidar/share/ament_index/resource_index/package_run_dependencies/ros2_lidar
-- Installing: /home/ole/oleros2/install/ros2_lidar/share/ament_index/resource_index/parent_prefix_path/ros2_lidar
-- Installing: /home/ole/oleros2/install/ros2_lidar/share/ros2_lidar/environment/ament_prefix_path.sh
-- Installing: /home/ole/oleros2/install/ros2_lidar/share/ros2_lidar/environment/ament_prefix_path.dsv
-- Installing: /home/ole/oleros2/install/ros2_lidar/share/ros2_lidar/environment/path.sh
-- Installing: /home/ole/oleros2/install/ros2_lidar/share/ros2_lidar/environment/path.dsv
-- Installing: /home/ole/oleros2/install/ros2_lidar/share/ros2_lidar/local_setup.bash
-- Installing: /home/ole/oleros2/install/ros2_lidar/share/ros2_lidar/local_setup.sh
-- Installing: /home/ole/oleros2/install/ros2_lidar/share/ros2_lidar/local_setup.zsh
-- Installing: /home/ole/oleros2/install/ros2_lidar/share/ros2_lidar/local_setup.dsv
-- Installing: /home/ole/oleros2/install/ros2_lidar/share/ros2_lidar/package.dsv
-- Installing: /home/ole/oleros2/install/ros2_lidar/share/ament_index/resource_index/packages/ros2_lidar
-- Installing: /home/ole/oleros2/install/ros2_lidar/share/ament_index/resource_index/rclcpp_components/ros2_lidar
-- Installing: /home/ole/oleros2/install/ros2_lidar/share/ros2_lidar/cmake/ament_cmake_export_include_directories-extras.cmake
-- Installing: /home/ole/oleros2/install/ros2_lidar/share/ros2_lidar/cmake/ament_cmake_export_libraries-extras.cmake
-- Installing: /home/ole/oleros2/install/ros2_lidar/share/ros2_lidar/cmake/ament_cmake_export_dependencies-extras.cmake
-- Installing: /home/ole/oleros2/install/ros2_lidar/share/ros2_lidar/cmake/ros2_lidarConfig.cmake
-- Installing: /home/ole/oleros2/install/ros2_lidar/share/ros2_lidar/cmake/ros2_lidarConfig-version.cmake
-- Installing: /home/ole/oleros2/install/ros2_lidar/share/ros2_lidar/package.xml
