[0.013s] Invoking command in '/home/ole/oleros2/build/ros2_lidar': AMENT_PREFIX_PATH=/home/ole/oleros2/install/lidar_msgs:${AMENT_PREFIX_PATH} CMAKE_PREFIX_PATH=/home/ole/oleros2/install/lidar_msgs:/opt/ros/humble LD_LIBRARY_PATH=/home/ole/oleros2/install/lidar_msgs/lib:${LD_LIBRARY_PATH} PYTHONPATH=/home/ole/oleros2/install/lidar_msgs/local/lib/python3.10/dist-packages:${PYTHONPATH} /usr/bin/cmake /home/ole/oleros2/src/ros2_lidar -DCMAKE_INSTALL_PREFIX=/home/ole/oleros2/install/ros2_lidar
[0.119s] -- The C compiler identification is GNU 11.4.0
[0.212s] -- The CXX compiler identification is GNU 11.4.0
[0.223s] -- Detecting C compiler ABI info
[0.333s] -- Detecting C compiler ABI info - done
[0.352s] -- Check for working C compiler: /usr/bin/cc - skipped
[0.353s] -- Detecting C compile features
[0.354s] -- Detecting C compile features - done
[0.359s] -- Detecting CXX compiler ABI info
[0.471s] -- Detecting CXX compiler ABI info - done
[0.501s] -- Check for working CXX compiler: /usr/bin/c++ - skipped
[0.502s] -- Detecting CXX compile features
[0.503s] -- Detecting CXX compile features - done
[0.507s] -- Found ament_cmake: 1.3.8 (/opt/ros/humble/share/ament_cmake/cmake)
[0.748s] -- Found Python3: /usr/bin/python3 (found version "3.10.12") found components: Interpreter 
[0.907s] -- Found rclcpp: 16.0.8 (/opt/ros/humble/share/rclcpp/cmake)
[0.990s] -- Found rosidl_generator_c: 3.1.5 (/opt/ros/humble/share/rosidl_generator_c/cmake)
[1.008s] -- Found rosidl_adapter: 3.1.5 (/opt/ros/humble/share/rosidl_adapter/cmake)
[1.023s] -- Found rosidl_generator_cpp: 3.1.5 (/opt/ros/humble/share/rosidl_generator_cpp/cmake)
[1.050s] -- Using all available rosidl_typesupport_c: rosidl_typesupport_fastrtps_c;rosidl_typesupport_introspection_c
[1.088s] -- Using all available rosidl_typesupport_cpp: rosidl_typesupport_fastrtps_cpp;rosidl_typesupport_introspection_cpp
[1.324s] -- Found rmw_implementation_cmake: 6.1.1 (/opt/ros/humble/share/rmw_implementation_cmake/cmake)
[1.334s] -- Found rmw_fastrtps_cpp: 6.2.6 (/opt/ros/humble/share/rmw_fastrtps_cpp/cmake)
[1.641s] -- Found OpenSSL: /usr/lib/x86_64-linux-gnu/libcrypto.so (found version "3.0.2")  
[1.686s] -- Found FastRTPS: /opt/ros/humble/include  
[1.770s] -- Using RMW implementation 'rmw_fastrtps_cpp' as default
[1.857s] -- Looking for pthread.h
[1.955s] -- Looking for pthread.h - found
[1.956s] -- Performing Test CMAKE_HAVE_LIBC_PTHREAD
[2.055s] -- Performing Test CMAKE_HAVE_LIBC_PTHREAD - Success
[2.057s] -- Found Threads: TRUE  
[2.568s] -- Found rclcpp_lifecycle: 16.0.8 (/opt/ros/humble/share/rclcpp_lifecycle/cmake)
[2.694s] -- Found rclcpp_components: 16.0.8 (/opt/ros/humble/share/rclcpp_components/cmake)
[2.951s] -- Found std_srvs: 4.2.3 (/opt/ros/humble/share/std_srvs/cmake)
[3.015s] -- Found sensor_msgs: 4.2.3 (/opt/ros/humble/share/sensor_msgs/cmake)
[3.372s] -- Found tf2_geometry_msgs: 0.25.6 (/opt/ros/humble/share/tf2_geometry_msgs/cmake)
[3.498s] -- Found eigen3_cmake_module: 0.1.1 (/opt/ros/humble/share/eigen3_cmake_module/cmake)
[3.512s] -- Found Eigen3: TRUE (found version "3.4.0") 
[3.513s] -- Ensuring Eigen3 include directory is part of orocos-kdl CMake target
[4.341s] -- Found pcl_conversions: 2.4.0 (/opt/ros/humble/share/pcl_conversions/cmake)
[4.673s] -- Found lidar_msgs: 0.2.0 (/home/ole/oleros2/install/lidar_msgs/share/lidar_msgs/cmake)
[4.869s] -- Checking for module 'eigen3'
[4.884s] --   Found eigen3, version 3.4.0
[4.945s] -- Found Eigen: /usr/include/eigen3 (Required is at least version "3.1") 
[4.946s] -- Eigen found (include: /usr/include/eigen3, version: 3.4.0)
[5.088s] -- Found Boost: /usr/lib/x86_64-linux-gnu/cmake/Boost-1.74.0/BoostConfig.cmake (found suitable version "1.74.0", minimum required is "1.65.0") found components: system filesystem date_time iostreams serialization 
[5.122s] -- looking for PCL_COMMON
[5.128s] -- Found PCL_COMMON: /usr/lib/x86_64-linux-gnu/libpcl_common.so  
[5.129s] -- Found PCL: pcl_common;Boost::system;Boost::filesystem;Boost::date_time;Boost::iostreams;Boost::serialization  
[5.277s] -- Found ament_lint_auto: 0.12.10 (/opt/ros/humble/share/ament_lint_auto/cmake)
[5.457s] -- Added test 'copyright' to check source files copyright and LICENSE
[5.462s] -- Added test 'cppcheck' to perform static code analysis on C / C++ code
[5.463s] -- Configured cppcheck include dirs: /home/ole/oleros2/src/ros2_lidar/include
[5.463s] -- Configured cppcheck exclude dirs and/or files: 
[5.467s] -- Added test 'cpplint' to check C / C++ code against the Google style
[5.467s] -- Configured cpplint exclude dirs and/or files: 
[5.470s] -- Added test 'flake8' to check Python code syntax and style conventions
[5.472s] -- Added test 'lint_cmake' to check CMake code style
[5.474s] -- Added test 'pep257' to check Python code against some of the docstring style conventions in PEP 257
[5.478s] -- Added test 'uncrustify' to check C / C++ code style
[5.478s] -- Configured uncrustify additional arguments: 
[5.480s] -- Added test 'xmllint' to check XML markup files
[5.484s] -- Configuring done
[5.870s] -- Generating done
[5.874s] -- Build files have been written to: /home/ole/oleros2/build/ros2_lidar
[5.891s] Invoked command in '/home/ole/oleros2/build/ros2_lidar' returned '0': AMENT_PREFIX_PATH=/home/ole/oleros2/install/lidar_msgs:${AMENT_PREFIX_PATH} CMAKE_PREFIX_PATH=/home/ole/oleros2/install/lidar_msgs:/opt/ros/humble LD_LIBRARY_PATH=/home/ole/oleros2/install/lidar_msgs/lib:${LD_LIBRARY_PATH} PYTHONPATH=/home/ole/oleros2/install/lidar_msgs/local/lib/python3.10/dist-packages:${PYTHONPATH} /usr/bin/cmake /home/ole/oleros2/src/ros2_lidar -DCMAKE_INSTALL_PREFIX=/home/ole/oleros2/install/ros2_lidar
[5.892s] Invoking command in '/home/ole/oleros2/build/ros2_lidar': AMENT_PREFIX_PATH=/home/ole/oleros2/install/lidar_msgs:${AMENT_PREFIX_PATH} CMAKE_PREFIX_PATH=/home/ole/oleros2/install/lidar_msgs:/opt/ros/humble LD_LIBRARY_PATH=/home/ole/oleros2/install/lidar_msgs/lib:${LD_LIBRARY_PATH} PYTHONPATH=/home/ole/oleros2/install/lidar_msgs/local/lib/python3.10/dist-packages:${PYTHONPATH} /usr/bin/cmake --build /home/ole/oleros2/build/ros2_lidar -- -j1 -l1
[5.961s] [ 14%] [32mBuilding CXX object CMakeFiles/lidar_driver_core.dir/src/driver_types.cpp.o[0m
[21.042s] [ 28%] [32mBuilding CXX object CMakeFiles/lidar_driver_core.dir/src/lidar_driver.cpp.o[0m
[41.487s] [ 42%] [32mBuilding CXX object CMakeFiles/lidar_driver_core.dir/src/lifecycle_interface.cpp.o[0m
[46.657s] [ 57%] [32mBuilding CXX object CMakeFiles/lidar_driver_core.dir/src/OS1/OS1_sensor.cpp.o[0m
[59.613s] [ 71%] [32m[1mLinking CXX shared library liblidar_driver_core.so[0m
[60.963s] [ 71%] Built target lidar_driver_core
[60.998s] [ 85%] [32mBuilding CXX object CMakeFiles/lidar_driver.dir/src/main.cpp.o[0m
[71.784s] [100%] [32m[1mLinking CXX executable lidar_driver[0m
[72.337s] [100%] Built target lidar_driver
[72.350s] Invoked command in '/home/ole/oleros2/build/ros2_lidar' returned '0': AMENT_PREFIX_PATH=/home/ole/oleros2/install/lidar_msgs:${AMENT_PREFIX_PATH} CMAKE_PREFIX_PATH=/home/ole/oleros2/install/lidar_msgs:/opt/ros/humble LD_LIBRARY_PATH=/home/ole/oleros2/install/lidar_msgs/lib:${LD_LIBRARY_PATH} PYTHONPATH=/home/ole/oleros2/install/lidar_msgs/local/lib/python3.10/dist-packages:${PYTHONPATH} /usr/bin/cmake --build /home/ole/oleros2/build/ros2_lidar -- -j1 -l1
[72.402s] Invoking command in '/home/ole/oleros2/build/ros2_lidar': AMENT_PREFIX_PATH=/home/ole/oleros2/install/lidar_msgs:${AMENT_PREFIX_PATH} CMAKE_PREFIX_PATH=/home/ole/oleros2/install/lidar_msgs:/opt/ros/humble LD_LIBRARY_PATH=/home/ole/oleros2/install/lidar_msgs/lib:${LD_LIBRARY_PATH} PYTHONPATH=/home/ole/oleros2/install/lidar_msgs/local/lib/python3.10/dist-packages:${PYTHONPATH} /usr/bin/cmake --install /home/ole/oleros2/build/ros2_lidar
[72.412s] -- Install configuration: ""
[72.413s] -- Installing: /home/ole/oleros2/install/ros2_lidar/lib/ros2_lidar/lidar_driver
[72.413s] -- Set runtime path of "/home/ole/oleros2/install/ros2_lidar/lib/ros2_lidar/lidar_driver" to ""
[72.414s] -- Installing: /home/ole/oleros2/install/ros2_lidar/lib/liblidar_driver_core.so
[72.420s] -- Set runtime path of "/home/ole/oleros2/install/ros2_lidar/lib/liblidar_driver_core.so" to ""
[72.420s] -- Installing: /home/ole/oleros2/install/ros2_lidar/include/
[72.421s] -- Installing: /home/ole/oleros2/install/ros2_lidar/include//ros2_lidar
[72.421s] -- Installing: /home/ole/oleros2/install/ros2_lidar/include//ros2_lidar/lidar_driver.hpp
[72.421s] -- Installing: /home/ole/oleros2/install/ros2_lidar/include//ros2_lidar/exception.hpp
[72.422s] -- Installing: /home/ole/oleros2/install/ros2_lidar/include//ros2_lidar/image_os.hpp
[72.422s] -- Installing: /home/ole/oleros2/install/ros2_lidar/include//ros2_lidar/point_os.hpp
[72.422s] -- Installing: /home/ole/oleros2/install/ros2_lidar/include//ros2_lidar/scan_os.hpp
[72.422s] -- Installing: /home/ole/oleros2/install/ros2_lidar/include//ros2_lidar/string_utils.hpp
[72.423s] -- Installing: /home/ole/oleros2/install/ros2_lidar/include//ros2_lidar/OS1
[72.423s] -- Installing: /home/ole/oleros2/install/ros2_lidar/include//ros2_lidar/OS1/OS1_util.hpp
[72.423s] -- Installing: /home/ole/oleros2/install/ros2_lidar/include//ros2_lidar/OS1/OS1_sensor.hpp
[72.424s] -- Installing: /home/ole/oleros2/install/ros2_lidar/include//ros2_lidar/OS1/OS1.hpp
[72.424s] -- Installing: /home/ole/oleros2/install/ros2_lidar/include//ros2_lidar/OS1/processors
[72.424s] -- Installing: /home/ole/oleros2/install/ros2_lidar/include//ros2_lidar/OS1/processors/scan_processor.hpp
[72.424s] -- Installing: /home/ole/oleros2/install/ros2_lidar/include//ros2_lidar/OS1/processors/image_processor.hpp
[72.425s] -- Installing: /home/ole/oleros2/install/ros2_lidar/include//ros2_lidar/OS1/processors/pointcloud_processor.hpp
[72.425s] -- Installing: /home/ole/oleros2/install/ros2_lidar/include//ros2_lidar/OS1/OS1_packet.hpp
[72.425s] -- Installing: /home/ole/oleros2/install/ros2_lidar/include//ros2_lidar/OS1/processor_factories.hpp
[72.426s] -- Installing: /home/ole/oleros2/install/ros2_lidar/include//ros2_lidar/driver_types.hpp
[72.426s] -- Installing: /home/ole/oleros2/install/ros2_lidar/include//ros2_lidar/interfaces
[72.426s] -- Installing: /home/ole/oleros2/install/ros2_lidar/include//ros2_lidar/interfaces/metadata.hpp
[72.427s] -- Installing: /home/ole/oleros2/install/ros2_lidar/include//ros2_lidar/interfaces/configuration.hpp
[72.427s] -- Installing: /home/ole/oleros2/install/ros2_lidar/include//ros2_lidar/interfaces/data_processor_interface.hpp
[72.428s] -- Installing: /home/ole/oleros2/install/ros2_lidar/include//ros2_lidar/interfaces/lifecycle_interface.hpp
[72.428s] -- Installing: /home/ole/oleros2/install/ros2_lidar/include//ros2_lidar/interfaces/sensor_interface.hpp
[72.428s] -- Installing: /home/ole/oleros2/install/ros2_lidar/include//ros2_lidar/conversions.hpp
[72.429s] -- Installing: /home/ole/oleros2/install/ros2_lidar/share/ros2_lidar/launch
[72.429s] -- Installing: /home/ole/oleros2/install/ros2_lidar/share/ros2_lidar/launch/ole2dv2_launch.py
[72.429s] -- Installing: /home/ole/oleros2/install/ros2_lidar/share/ros2_lidar/launch/os1_launch.py
[72.430s] -- Installing: /home/ole/oleros2/install/ros2_lidar/share/ros2_lidar/launch/ole3dv2_launch.py
[72.430s] -- Installing: /home/ole/oleros2/install/ros2_lidar/share/ros2_lidar/params
[72.430s] -- Installing: /home/ole/oleros2/install/ros2_lidar/share/ros2_lidar/params/ole3dv2.yaml
[72.430s] -- Installing: /home/ole/oleros2/install/ros2_lidar/share/ros2_lidar/params/os1.yaml
[72.431s] -- Installing: /home/ole/oleros2/install/ros2_lidar/share/ros2_lidar/params/ole2dv2.yaml
[72.431s] -- Installing: /home/ole/oleros2/install/ros2_lidar/share/ros2_lidar/environment/library_path.sh
[72.431s] -- Installing: /home/ole/oleros2/install/ros2_lidar/share/ros2_lidar/environment/library_path.dsv
[72.432s] -- Installing: /home/ole/oleros2/install/ros2_lidar/share/ament_index/resource_index/package_run_dependencies/ros2_lidar
[72.432s] -- Installing: /home/ole/oleros2/install/ros2_lidar/share/ament_index/resource_index/parent_prefix_path/ros2_lidar
[72.432s] -- Installing: /home/ole/oleros2/install/ros2_lidar/share/ros2_lidar/environment/ament_prefix_path.sh
[72.433s] -- Installing: /home/ole/oleros2/install/ros2_lidar/share/ros2_lidar/environment/ament_prefix_path.dsv
[72.433s] -- Installing: /home/ole/oleros2/install/ros2_lidar/share/ros2_lidar/environment/path.sh
[72.433s] -- Installing: /home/ole/oleros2/install/ros2_lidar/share/ros2_lidar/environment/path.dsv
[72.434s] -- Installing: /home/ole/oleros2/install/ros2_lidar/share/ros2_lidar/local_setup.bash
[72.434s] -- Installing: /home/ole/oleros2/install/ros2_lidar/share/ros2_lidar/local_setup.sh
[72.434s] -- Installing: /home/ole/oleros2/install/ros2_lidar/share/ros2_lidar/local_setup.zsh
[72.435s] -- Installing: /home/ole/oleros2/install/ros2_lidar/share/ros2_lidar/local_setup.dsv
[72.435s] -- Installing: /home/ole/oleros2/install/ros2_lidar/share/ros2_lidar/package.dsv
[72.435s] -- Installing: /home/ole/oleros2/install/ros2_lidar/share/ament_index/resource_index/packages/ros2_lidar
[72.436s] -- Installing: /home/ole/oleros2/install/ros2_lidar/share/ament_index/resource_index/rclcpp_components/ros2_lidar
[72.436s] -- Installing: /home/ole/oleros2/install/ros2_lidar/share/ros2_lidar/cmake/ament_cmake_export_include_directories-extras.cmake
[72.436s] -- Installing: /home/ole/oleros2/install/ros2_lidar/share/ros2_lidar/cmake/ament_cmake_export_libraries-extras.cmake
[72.437s] -- Installing: /home/ole/oleros2/install/ros2_lidar/share/ros2_lidar/cmake/ament_cmake_export_dependencies-extras.cmake
[72.437s] -- Installing: /home/ole/oleros2/install/ros2_lidar/share/ros2_lidar/cmake/ros2_lidarConfig.cmake
[72.438s] -- Installing: /home/ole/oleros2/install/ros2_lidar/share/ros2_lidar/cmake/ros2_lidarConfig-version.cmake
[72.438s] -- Installing: /home/ole/oleros2/install/ros2_lidar/share/ros2_lidar/package.xml
[72.441s] Invoked command in '/home/ole/oleros2/build/ros2_lidar' returned '0': AMENT_PREFIX_PATH=/home/ole/oleros2/install/lidar_msgs:${AMENT_PREFIX_PATH} CMAKE_PREFIX_PATH=/home/ole/oleros2/install/lidar_msgs:/opt/ros/humble LD_LIBRARY_PATH=/home/ole/oleros2/install/lidar_msgs/lib:${LD_LIBRARY_PATH} PYTHONPATH=/home/ole/oleros2/install/lidar_msgs/local/lib/python3.10/dist-packages:${PYTHONPATH} /usr/bin/cmake --install /home/ole/oleros2/build/ros2_lidar
