[0.008s] Invoking command in '/home/ole/oleros2/build/lidar_msgs': CMAKE_PREFIX_PATH=/opt/ros/humble /usr/bin/cmake /home/ole/oleros2/src/lidar_msgs -DCMAKE_INSTALL_PREFIX=/home/ole/oleros2/install/lidar_msgs
[0.621s] -- The C compiler identification is GNU 11.4.0
[1.175s] -- The CXX compiler identification is GNU 11.4.0
[1.250s] -- Detecting C compiler ABI info
[1.376s] -- Detecting C compiler ABI info - done
[1.395s] -- Check for working C compiler: /usr/bin/cc - skipped
[1.397s] -- Detecting C compile features
[1.400s] -- Detecting C compile features - done
[1.410s] -- Detecting CXX compiler ABI info
[1.545s] -- Detecting CXX compiler ABI info - done
[1.565s] -- Check for working CXX compiler: /usr/bin/c++ - skipped
[1.566s] -- Detecting CXX compile features
[1.567s] -- Detecting CXX compile features - done
[1.591s] -- Found ament_cmake: 1.3.8 (/opt/ros/humble/share/ament_cmake/cmake)
[1.909s] -- Found Python3: /usr/bin/python3 (found version "3.10.12") found components: Interpreter 
[2.199s] -- Found builtin_interfaces: 1.2.1 (/opt/ros/humble/share/builtin_interfaces/cmake)
[2.338s] -- Found rosidl_generator_c: 3.1.5 (/opt/ros/humble/share/rosidl_generator_c/cmake)
[2.364s] -- Found rosidl_adapter: 3.1.5 (/opt/ros/humble/share/rosidl_adapter/cmake)
[2.395s] -- Found rosidl_generator_cpp: 3.1.5 (/opt/ros/humble/share/rosidl_generator_cpp/cmake)
[2.452s] -- Using all available rosidl_typesupport_c: rosidl_typesupport_fastrtps_c;rosidl_typesupport_introspection_c
[2.527s] -- Using all available rosidl_typesupport_cpp: rosidl_typesupport_fastrtps_cpp;rosidl_typesupport_introspection_cpp
[2.587s] -- Found rosidl_default_generators: 1.2.0 (/opt/ros/humble/share/rosidl_default_generators/cmake)
[2.614s] -- Found std_msgs: 4.2.3 (/opt/ros/humble/share/std_msgs/cmake)
[3.284s] -- Found ament_cmake_ros: 0.10.0 (/opt/ros/humble/share/ament_cmake_ros/cmake)
[4.038s] -- Using all available rosidl_typesupport_c: rosidl_typesupport_fastrtps_c;rosidl_typesupport_introspection_c
[4.314s] -- Using all available rosidl_typesupport_cpp: rosidl_typesupport_fastrtps_cpp;rosidl_typesupport_introspection_cpp
[4.352s] -- Found PythonInterp: /usr/bin/python3 (found suitable version "3.10.12", minimum required is "3.6") 
[4.358s] -- Found python_cmake_module: 0.10.0 (/opt/ros/humble/share/python_cmake_module/cmake)
[4.424s] -- Found PythonLibs: /usr/lib/x86_64-linux-gnu/libpython3.10.so (found suitable version "3.10.12", minimum required is "3.5") 
[4.424s] -- Using PYTHON_EXECUTABLE: /usr/bin/python3
[4.424s] -- Using PYTHON_INCLUDE_DIRS: /usr/include/python3.10
[4.424s] -- Using PYTHON_LIBRARIES: /usr/lib/x86_64-linux-gnu/libpython3.10.so
[4.471s] -- Found PythonExtra: .so  
[4.598s] -- Configuring done
[4.670s] -- Generating done
[4.675s] -- Build files have been written to: /home/ole/oleros2/build/lidar_msgs
[4.695s] Invoked command in '/home/ole/oleros2/build/lidar_msgs' returned '0': CMAKE_PREFIX_PATH=/opt/ros/humble /usr/bin/cmake /home/ole/oleros2/src/lidar_msgs -DCMAKE_INSTALL_PREFIX=/home/ole/oleros2/install/lidar_msgs
[4.696s] Invoking command in '/home/ole/oleros2/build/lidar_msgs': CMAKE_PREFIX_PATH=/opt/ros/humble /usr/bin/cmake --build /home/ole/oleros2/build/lidar_msgs -- -j1 -l1
[4.768s] [  2%] [34m[1mGenerating C++ code for ROS interfaces[0m
[5.563s] [  2%] Built target lidar_msgs__cpp
[5.575s] [  5%] [34m[1mGenerating C++ type support dispatch for ROS interfaces[0m
[6.140s] [  7%] [32mBuilding CXX object CMakeFiles/lidar_msgs__rosidl_typesupport_cpp.dir/rosidl_typesupport_cpp/lidar_msgs/srv/get_metadata__type_support.cpp.o[0m
[7.715s] [ 10%] [32mBuilding CXX object CMakeFiles/lidar_msgs__rosidl_typesupport_cpp.dir/rosidl_typesupport_cpp/lidar_msgs/msg/metadata__type_support.cpp.o[0m
[8.114s] [ 12%] [32m[1mLinking CXX shared library liblidar_msgs__rosidl_typesupport_cpp.so[0m
[8.218s] [ 12%] Built target lidar_msgs__rosidl_typesupport_cpp
[8.228s] [ 15%] [34m[1mGenerating C code for ROS interfaces[0m
[8.996s] [ 17%] [32mBuilding C object CMakeFiles/lidar_msgs__rosidl_generator_c.dir/rosidl_generator_c/lidar_msgs/srv/detail/get_metadata__functions.c.o[0m
[9.093s] [ 20%] [32mBuilding C object CMakeFiles/lidar_msgs__rosidl_generator_c.dir/rosidl_generator_c/lidar_msgs/msg/detail/metadata__functions.c.o[0m
[9.156s] [ 23%] [32m[1mLinking C shared library liblidar_msgs__rosidl_generator_c.so[0m
[9.237s] [ 23%] Built target lidar_msgs__rosidl_generator_c
[9.247s] [ 25%] [34m[1mGenerating C type support for eProsima Fast-RTPS[0m
[9.931s] [ 28%] [32mBuilding CXX object CMakeFiles/lidar_msgs__rosidl_typesupport_fastrtps_c.dir/rosidl_typesupport_fastrtps_c/lidar_msgs/srv/detail/get_metadata__type_support_c.cpp.o[0m
[10.609s] [ 30%] [32mBuilding CXX object CMakeFiles/lidar_msgs__rosidl_typesupport_fastrtps_c.dir/rosidl_typesupport_fastrtps_c/lidar_msgs/msg/detail/metadata__type_support_c.cpp.o[0m
[11.170s] [ 33%] [32m[1mLinking CXX shared library liblidar_msgs__rosidl_typesupport_fastrtps_c.so[0m
[11.292s] [ 33%] Built target lidar_msgs__rosidl_typesupport_fastrtps_c
[11.310s] [ 35%] [34m[1mGenerating C++ type support for eProsima Fast-RTPS[0m
[12.066s] [ 38%] [32mBuilding CXX object CMakeFiles/lidar_msgs__rosidl_typesupport_fastrtps_cpp.dir/rosidl_typesupport_fastrtps_cpp/lidar_msgs/srv/detail/dds_fastrtps/get_metadata__type_support.cpp.o[0m
[12.818s] [ 41%] [32mBuilding CXX object CMakeFiles/lidar_msgs__rosidl_typesupport_fastrtps_cpp.dir/rosidl_typesupport_fastrtps_cpp/lidar_msgs/msg/detail/dds_fastrtps/metadata__type_support.cpp.o[0m
[13.463s] [ 43%] [32m[1mLinking CXX shared library liblidar_msgs__rosidl_typesupport_fastrtps_cpp.so[0m
[13.573s] [ 43%] Built target lidar_msgs__rosidl_typesupport_fastrtps_cpp
[13.583s] [ 46%] [34m[1mGenerating C introspection for ROS interfaces[0m
[14.248s] [ 48%] [32mBuilding C object CMakeFiles/lidar_msgs__rosidl_typesupport_introspection_c.dir/rosidl_typesupport_introspection_c/lidar_msgs/srv/detail/get_metadata__type_support.c.o[0m
[14.317s] [ 51%] [32mBuilding C object CMakeFiles/lidar_msgs__rosidl_typesupport_introspection_c.dir/rosidl_typesupport_introspection_c/lidar_msgs/msg/detail/metadata__type_support.c.o[0m
[14.376s] [ 53%] [32m[1mLinking C shared library liblidar_msgs__rosidl_typesupport_introspection_c.so[0m
[14.417s] [ 53%] Built target lidar_msgs__rosidl_typesupport_introspection_c
[14.428s] [ 56%] [34m[1mGenerating C type support dispatch for ROS interfaces[0m
[15.026s] [ 58%] [32mBuilding CXX object CMakeFiles/lidar_msgs__rosidl_typesupport_c.dir/rosidl_typesupport_c/lidar_msgs/srv/get_metadata__type_support.cpp.o[0m
[15.078s] [ 61%] [32mBuilding CXX object CMakeFiles/lidar_msgs__rosidl_typesupport_c.dir/rosidl_typesupport_c/lidar_msgs/msg/metadata__type_support.cpp.o[0m
[15.115s] [ 64%] [32m[1mLinking CXX shared library liblidar_msgs__rosidl_typesupport_c.so[0m
[15.182s] [ 64%] Built target lidar_msgs__rosidl_typesupport_c
[15.193s] [ 66%] [34m[1mGenerating C++ introspection for ROS interfaces[0m
[15.848s] [ 69%] [32mBuilding CXX object CMakeFiles/lidar_msgs__rosidl_typesupport_introspection_cpp.dir/rosidl_typesupport_introspection_cpp/lidar_msgs/srv/detail/get_metadata__type_support.cpp.o[0m
[16.561s] [ 71%] [32mBuilding CXX object CMakeFiles/lidar_msgs__rosidl_typesupport_introspection_cpp.dir/rosidl_typesupport_introspection_cpp/lidar_msgs/msg/detail/metadata__type_support.cpp.o[0m
[17.169s] [ 74%] [32m[1mLinking CXX shared library liblidar_msgs__rosidl_typesupport_introspection_cpp.so[0m
[17.266s] [ 74%] Built target lidar_msgs__rosidl_typesupport_introspection_cpp
[17.286s] [ 74%] Built target lidar_msgs
[17.323s] [ 74%] Built target ament_cmake_python_copy_lidar_msgs
[17.770s] running egg_info
[17.771s] creating lidar_msgs.egg-info
[17.772s] writing lidar_msgs.egg-info/PKG-INFO
[17.772s] writing dependency_links to lidar_msgs.egg-info/dependency_links.txt
[17.773s] writing top-level names to lidar_msgs.egg-info/top_level.txt
[17.773s] writing manifest file 'lidar_msgs.egg-info/SOURCES.txt'
[17.779s] reading manifest file 'lidar_msgs.egg-info/SOURCES.txt'
[17.780s] writing manifest file 'lidar_msgs.egg-info/SOURCES.txt'
[17.811s] [ 74%] Built target ament_cmake_python_build_lidar_msgs_egg
[17.832s] [ 76%] [34m[1mGenerating Python code for ROS interfaces[0m
[19.013s] [ 76%] Built target lidar_msgs__py
[19.044s] [ 79%] [32mBuilding C object CMakeFiles/lidar_msgs__rosidl_generator_py.dir/rosidl_generator_py/lidar_msgs/srv/_get_metadata_s.c.o[0m
[19.455s] [ 82%] [32mBuilding C object CMakeFiles/lidar_msgs__rosidl_generator_py.dir/rosidl_generator_py/lidar_msgs/msg/_metadata_s.c.o[0m
[19.633s] [ 84%] [32m[1mLinking C shared library rosidl_generator_py/lidar_msgs/liblidar_msgs__rosidl_generator_py.so[0m
[19.717s] [ 84%] Built target lidar_msgs__rosidl_generator_py
[19.738s] [ 87%] [32mBuilding C object CMakeFiles/lidar_msgs__rosidl_typesupport_fastrtps_c__pyext.dir/rosidl_generator_py/lidar_msgs/_lidar_msgs_s.ep.rosidl_typesupport_fastrtps_c.c.o[0m
[19.908s] [ 89%] [32m[1mLinking C shared library rosidl_generator_py/lidar_msgs/lidar_msgs_s__rosidl_typesupport_fastrtps_c.cpython-310-x86_64-linux-gnu.so[0m
[19.957s] [ 89%] Built target lidar_msgs__rosidl_typesupport_fastrtps_c__pyext
[19.988s] [ 92%] [32mBuilding C object CMakeFiles/lidar_msgs__rosidl_typesupport_introspection_c__pyext.dir/rosidl_generator_py/lidar_msgs/_lidar_msgs_s.ep.rosidl_typesupport_introspection_c.c.o[0m
[20.159s] [ 94%] [32m[1mLinking C shared library rosidl_generator_py/lidar_msgs/lidar_msgs_s__rosidl_typesupport_introspection_c.cpython-310-x86_64-linux-gnu.so[0m
[20.219s] [ 94%] Built target lidar_msgs__rosidl_typesupport_introspection_c__pyext
[20.240s] [ 97%] [32mBuilding C object CMakeFiles/lidar_msgs__rosidl_typesupport_c__pyext.dir/rosidl_generator_py/lidar_msgs/_lidar_msgs_s.ep.rosidl_typesupport_c.c.o[0m
[20.420s] [100%] [32m[1mLinking C shared library rosidl_generator_py/lidar_msgs/lidar_msgs_s__rosidl_typesupport_c.cpython-310-x86_64-linux-gnu.so[0m
[20.478s] [100%] Built target lidar_msgs__rosidl_typesupport_c__pyext
[20.491s] Invoked command in '/home/ole/oleros2/build/lidar_msgs' returned '0': CMAKE_PREFIX_PATH=/opt/ros/humble /usr/bin/cmake --build /home/ole/oleros2/build/lidar_msgs -- -j1 -l1
[20.593s] Invoking command in '/home/ole/oleros2/build/lidar_msgs': CMAKE_PREFIX_PATH=/opt/ros/humble /usr/bin/cmake --install /home/ole/oleros2/build/lidar_msgs
[20.610s] -- Install configuration: ""
[20.611s] -- Installing: /home/ole/oleros2/install/lidar_msgs/share/ament_index/resource_index/rosidl_interfaces/lidar_msgs
[20.611s] -- Installing: /home/ole/oleros2/install/lidar_msgs/include/lidar_msgs/lidar_msgs
[20.611s] -- Installing: /home/ole/oleros2/install/lidar_msgs/include/lidar_msgs/lidar_msgs/msg
[20.612s] -- Installing: /home/ole/oleros2/install/lidar_msgs/include/lidar_msgs/lidar_msgs/msg/detail
[20.612s] -- Installing: /home/ole/oleros2/install/lidar_msgs/include/lidar_msgs/lidar_msgs/msg/detail/metadata__functions.h
[20.612s] -- Installing: /home/ole/oleros2/install/lidar_msgs/include/lidar_msgs/lidar_msgs/msg/detail/metadata__functions.c
[20.612s] -- Installing: /home/ole/oleros2/install/lidar_msgs/include/lidar_msgs/lidar_msgs/msg/detail/metadata__type_support.h
[20.613s] -- Installing: /home/ole/oleros2/install/lidar_msgs/include/lidar_msgs/lidar_msgs/msg/detail/metadata__struct.h
[20.614s] -- Installing: /home/ole/oleros2/install/lidar_msgs/include/lidar_msgs/lidar_msgs/msg/rosidl_generator_c__visibility_control.h
[20.614s] -- Installing: /home/ole/oleros2/install/lidar_msgs/include/lidar_msgs/lidar_msgs/msg/metadata.h
[20.614s] -- Installing: /home/ole/oleros2/install/lidar_msgs/include/lidar_msgs/lidar_msgs/srv
[20.615s] -- Installing: /home/ole/oleros2/install/lidar_msgs/include/lidar_msgs/lidar_msgs/srv/detail
[20.615s] -- Installing: /home/ole/oleros2/install/lidar_msgs/include/lidar_msgs/lidar_msgs/srv/detail/get_metadata__functions.h
[20.616s] -- Installing: /home/ole/oleros2/install/lidar_msgs/include/lidar_msgs/lidar_msgs/srv/detail/get_metadata__functions.c
[20.616s] -- Installing: /home/ole/oleros2/install/lidar_msgs/include/lidar_msgs/lidar_msgs/srv/detail/get_metadata__type_support.h
[20.616s] -- Installing: /home/ole/oleros2/install/lidar_msgs/include/lidar_msgs/lidar_msgs/srv/detail/get_metadata__struct.h
[20.617s] -- Installing: /home/ole/oleros2/install/lidar_msgs/include/lidar_msgs/lidar_msgs/srv/get_metadata.h
[20.617s] -- Installing: /home/ole/oleros2/install/lidar_msgs/share/lidar_msgs/environment/library_path.sh
[20.618s] -- Installing: /home/ole/oleros2/install/lidar_msgs/share/lidar_msgs/environment/library_path.dsv
[20.618s] -- Installing: /home/ole/oleros2/install/lidar_msgs/lib/liblidar_msgs__rosidl_generator_c.so
[20.619s] -- Set runtime path of "/home/ole/oleros2/install/lidar_msgs/lib/liblidar_msgs__rosidl_generator_c.so" to ""
[20.623s] -- Up-to-date: /home/ole/oleros2/install/lidar_msgs/include/lidar_msgs/lidar_msgs
[20.624s] -- Up-to-date: /home/ole/oleros2/install/lidar_msgs/include/lidar_msgs/lidar_msgs/msg
[20.624s] -- Up-to-date: /home/ole/oleros2/install/lidar_msgs/include/lidar_msgs/lidar_msgs/msg/detail
[20.624s] -- Installing: /home/ole/oleros2/install/lidar_msgs/include/lidar_msgs/lidar_msgs/msg/detail/metadata__rosidl_typesupport_fastrtps_c.h
[20.624s] -- Installing: /home/ole/oleros2/install/lidar_msgs/include/lidar_msgs/lidar_msgs/msg/rosidl_typesupport_fastrtps_c__visibility_control.h
[20.625s] -- Up-to-date: /home/ole/oleros2/install/lidar_msgs/include/lidar_msgs/lidar_msgs/srv
[20.626s] -- Up-to-date: /home/ole/oleros2/install/lidar_msgs/include/lidar_msgs/lidar_msgs/srv/detail
[20.626s] -- Installing: /home/ole/oleros2/install/lidar_msgs/include/lidar_msgs/lidar_msgs/srv/detail/get_metadata__rosidl_typesupport_fastrtps_c.h
[20.626s] -- Installing: /home/ole/oleros2/install/lidar_msgs/lib/liblidar_msgs__rosidl_typesupport_fastrtps_c.so
[20.627s] -- Set runtime path of "/home/ole/oleros2/install/lidar_msgs/lib/liblidar_msgs__rosidl_typesupport_fastrtps_c.so" to ""
[20.628s] -- Up-to-date: /home/ole/oleros2/install/lidar_msgs/include/lidar_msgs/lidar_msgs
[20.628s] -- Up-to-date: /home/ole/oleros2/install/lidar_msgs/include/lidar_msgs/lidar_msgs/msg
[20.628s] -- Installing: /home/ole/oleros2/install/lidar_msgs/include/lidar_msgs/lidar_msgs/msg/metadata.hpp
[20.628s] -- Up-to-date: /home/ole/oleros2/install/lidar_msgs/include/lidar_msgs/lidar_msgs/msg/detail
[20.629s] -- Installing: /home/ole/oleros2/install/lidar_msgs/include/lidar_msgs/lidar_msgs/msg/detail/metadata__traits.hpp
[20.629s] -- Installing: /home/ole/oleros2/install/lidar_msgs/include/lidar_msgs/lidar_msgs/msg/detail/metadata__builder.hpp
[20.629s] -- Installing: /home/ole/oleros2/install/lidar_msgs/include/lidar_msgs/lidar_msgs/msg/detail/metadata__struct.hpp
[20.630s] -- Up-to-date: /home/ole/oleros2/install/lidar_msgs/include/lidar_msgs/lidar_msgs/srv
[20.630s] -- Installing: /home/ole/oleros2/install/lidar_msgs/include/lidar_msgs/lidar_msgs/srv/get_metadata.hpp
[20.630s] -- Up-to-date: /home/ole/oleros2/install/lidar_msgs/include/lidar_msgs/lidar_msgs/srv/detail
[20.630s] -- Installing: /home/ole/oleros2/install/lidar_msgs/include/lidar_msgs/lidar_msgs/srv/detail/get_metadata__struct.hpp
[20.631s] -- Installing: /home/ole/oleros2/install/lidar_msgs/include/lidar_msgs/lidar_msgs/srv/detail/get_metadata__builder.hpp
[20.632s] -- Installing: /home/ole/oleros2/install/lidar_msgs/include/lidar_msgs/lidar_msgs/srv/detail/get_metadata__traits.hpp
[20.632s] -- Up-to-date: /home/ole/oleros2/install/lidar_msgs/include/lidar_msgs/lidar_msgs
[20.632s] -- Up-to-date: /home/ole/oleros2/install/lidar_msgs/include/lidar_msgs/lidar_msgs/msg
[20.633s] -- Up-to-date: /home/ole/oleros2/install/lidar_msgs/include/lidar_msgs/lidar_msgs/msg/detail
[20.633s] -- Installing: /home/ole/oleros2/install/lidar_msgs/include/lidar_msgs/lidar_msgs/msg/detail/dds_fastrtps
[20.633s] -- Installing: /home/ole/oleros2/install/lidar_msgs/include/lidar_msgs/lidar_msgs/msg/detail/metadata__rosidl_typesupport_fastrtps_cpp.hpp
[20.634s] -- Installing: /home/ole/oleros2/install/lidar_msgs/include/lidar_msgs/lidar_msgs/msg/rosidl_typesupport_fastrtps_cpp__visibility_control.h
[20.634s] -- Up-to-date: /home/ole/oleros2/install/lidar_msgs/include/lidar_msgs/lidar_msgs/srv
[20.634s] -- Up-to-date: /home/ole/oleros2/install/lidar_msgs/include/lidar_msgs/lidar_msgs/srv/detail
[20.634s] -- Installing: /home/ole/oleros2/install/lidar_msgs/include/lidar_msgs/lidar_msgs/srv/detail/dds_fastrtps
[20.635s] -- Installing: /home/ole/oleros2/install/lidar_msgs/include/lidar_msgs/lidar_msgs/srv/detail/get_metadata__rosidl_typesupport_fastrtps_cpp.hpp
[20.635s] -- Installing: /home/ole/oleros2/install/lidar_msgs/lib/liblidar_msgs__rosidl_typesupport_fastrtps_cpp.so
[20.636s] -- Set runtime path of "/home/ole/oleros2/install/lidar_msgs/lib/liblidar_msgs__rosidl_typesupport_fastrtps_cpp.so" to ""
[20.636s] -- Up-to-date: /home/ole/oleros2/install/lidar_msgs/include/lidar_msgs/lidar_msgs
[20.637s] -- Up-to-date: /home/ole/oleros2/install/lidar_msgs/include/lidar_msgs/lidar_msgs/msg
[20.637s] -- Installing: /home/ole/oleros2/install/lidar_msgs/include/lidar_msgs/lidar_msgs/msg/rosidl_typesupport_introspection_c__visibility_control.h
[20.637s] -- Up-to-date: /home/ole/oleros2/install/lidar_msgs/include/lidar_msgs/lidar_msgs/msg/detail
[20.638s] -- Installing: /home/ole/oleros2/install/lidar_msgs/include/lidar_msgs/lidar_msgs/msg/detail/metadata__rosidl_typesupport_introspection_c.h
[20.638s] -- Installing: /home/ole/oleros2/install/lidar_msgs/include/lidar_msgs/lidar_msgs/msg/detail/metadata__type_support.c
[20.638s] -- Up-to-date: /home/ole/oleros2/install/lidar_msgs/include/lidar_msgs/lidar_msgs/srv
[20.639s] -- Up-to-date: /home/ole/oleros2/install/lidar_msgs/include/lidar_msgs/lidar_msgs/srv/detail
[20.639s] -- Installing: /home/ole/oleros2/install/lidar_msgs/include/lidar_msgs/lidar_msgs/srv/detail/get_metadata__type_support.c
[20.639s] -- Installing: /home/ole/oleros2/install/lidar_msgs/include/lidar_msgs/lidar_msgs/srv/detail/get_metadata__rosidl_typesupport_introspection_c.h
[20.640s] -- Installing: /home/ole/oleros2/install/lidar_msgs/lib/liblidar_msgs__rosidl_typesupport_introspection_c.so
[20.640s] -- Set runtime path of "/home/ole/oleros2/install/lidar_msgs/lib/liblidar_msgs__rosidl_typesupport_introspection_c.so" to ""
[20.641s] -- Installing: /home/ole/oleros2/install/lidar_msgs/lib/liblidar_msgs__rosidl_typesupport_c.so
[20.641s] -- Set runtime path of "/home/ole/oleros2/install/lidar_msgs/lib/liblidar_msgs__rosidl_typesupport_c.so" to ""
[20.641s] -- Up-to-date: /home/ole/oleros2/install/lidar_msgs/include/lidar_msgs/lidar_msgs
[20.642s] -- Up-to-date: /home/ole/oleros2/install/lidar_msgs/include/lidar_msgs/lidar_msgs/msg
[20.642s] -- Up-to-date: /home/ole/oleros2/install/lidar_msgs/include/lidar_msgs/lidar_msgs/msg/detail
[20.642s] -- Installing: /home/ole/oleros2/install/lidar_msgs/include/lidar_msgs/lidar_msgs/msg/detail/metadata__rosidl_typesupport_introspection_cpp.hpp
[20.642s] -- Installing: /home/ole/oleros2/install/lidar_msgs/include/lidar_msgs/lidar_msgs/msg/detail/metadata__type_support.cpp
[20.643s] -- Up-to-date: /home/ole/oleros2/install/lidar_msgs/include/lidar_msgs/lidar_msgs/srv
[20.643s] -- Up-to-date: /home/ole/oleros2/install/lidar_msgs/include/lidar_msgs/lidar_msgs/srv/detail
[20.643s] -- Installing: /home/ole/oleros2/install/lidar_msgs/include/lidar_msgs/lidar_msgs/srv/detail/get_metadata__type_support.cpp
[20.643s] -- Installing: /home/ole/oleros2/install/lidar_msgs/include/lidar_msgs/lidar_msgs/srv/detail/get_metadata__rosidl_typesupport_introspection_cpp.hpp
[20.644s] -- Installing: /home/ole/oleros2/install/lidar_msgs/lib/liblidar_msgs__rosidl_typesupport_introspection_cpp.so
[20.644s] -- Set runtime path of "/home/ole/oleros2/install/lidar_msgs/lib/liblidar_msgs__rosidl_typesupport_introspection_cpp.so" to ""
[20.645s] -- Installing: /home/ole/oleros2/install/lidar_msgs/lib/liblidar_msgs__rosidl_typesupport_cpp.so
[20.645s] -- Set runtime path of "/home/ole/oleros2/install/lidar_msgs/lib/liblidar_msgs__rosidl_typesupport_cpp.so" to ""
[20.646s] -- Installing: /home/ole/oleros2/install/lidar_msgs/share/lidar_msgs/environment/pythonpath.sh
[20.646s] -- Installing: /home/ole/oleros2/install/lidar_msgs/share/lidar_msgs/environment/pythonpath.dsv
[20.646s] -- Installing: /home/ole/oleros2/install/lidar_msgs/local/lib/python3.10/dist-packages/lidar_msgs-0.2.0-py3.10.egg-info
[20.647s] -- Installing: /home/ole/oleros2/install/lidar_msgs/local/lib/python3.10/dist-packages/lidar_msgs-0.2.0-py3.10.egg-info/dependency_links.txt
[20.647s] -- Installing: /home/ole/oleros2/install/lidar_msgs/local/lib/python3.10/dist-packages/lidar_msgs-0.2.0-py3.10.egg-info/SOURCES.txt
[20.647s] -- Installing: /home/ole/oleros2/install/lidar_msgs/local/lib/python3.10/dist-packages/lidar_msgs-0.2.0-py3.10.egg-info/top_level.txt
[20.647s] -- Installing: /home/ole/oleros2/install/lidar_msgs/local/lib/python3.10/dist-packages/lidar_msgs-0.2.0-py3.10.egg-info/PKG-INFO
[20.648s] -- Installing: /home/ole/oleros2/install/lidar_msgs/local/lib/python3.10/dist-packages/lidar_msgs
[20.648s] -- Installing: /home/ole/oleros2/install/lidar_msgs/local/lib/python3.10/dist-packages/lidar_msgs/_lidar_msgs_s.ep.rosidl_typesupport_introspection_c.c
[20.649s] -- Installing: /home/ole/oleros2/install/lidar_msgs/local/lib/python3.10/dist-packages/lidar_msgs/lidar_msgs_s__rosidl_typesupport_c.cpython-310-x86_64-linux-gnu.so
[20.649s] -- Installing: /home/ole/oleros2/install/lidar_msgs/local/lib/python3.10/dist-packages/lidar_msgs/lidar_msgs_s__rosidl_typesupport_fastrtps_c.cpython-310-x86_64-linux-gnu.so
[20.650s] -- Installing: /home/ole/oleros2/install/lidar_msgs/local/lib/python3.10/dist-packages/lidar_msgs/_lidar_msgs_s.ep.rosidl_typesupport_c.c
[20.650s] -- Installing: /home/ole/oleros2/install/lidar_msgs/local/lib/python3.10/dist-packages/lidar_msgs/msg
[20.650s] -- Installing: /home/ole/oleros2/install/lidar_msgs/local/lib/python3.10/dist-packages/lidar_msgs/msg/_metadata_s.c
[20.651s] -- Installing: /home/ole/oleros2/install/lidar_msgs/local/lib/python3.10/dist-packages/lidar_msgs/msg/_metadata.py
[20.651s] -- Installing: /home/ole/oleros2/install/lidar_msgs/local/lib/python3.10/dist-packages/lidar_msgs/msg/__init__.py
[20.651s] -- Installing: /home/ole/oleros2/install/lidar_msgs/local/lib/python3.10/dist-packages/lidar_msgs/liblidar_msgs__rosidl_generator_py.so
[20.652s] -- Installing: /home/ole/oleros2/install/lidar_msgs/local/lib/python3.10/dist-packages/lidar_msgs/__init__.py
[20.652s] -- Installing: /home/ole/oleros2/install/lidar_msgs/local/lib/python3.10/dist-packages/lidar_msgs/_lidar_msgs_s.ep.rosidl_typesupport_fastrtps_c.c
[20.652s] -- Installing: /home/ole/oleros2/install/lidar_msgs/local/lib/python3.10/dist-packages/lidar_msgs/srv
[20.652s] -- Installing: /home/ole/oleros2/install/lidar_msgs/local/lib/python3.10/dist-packages/lidar_msgs/srv/__init__.py
[20.653s] -- Installing: /home/ole/oleros2/install/lidar_msgs/local/lib/python3.10/dist-packages/lidar_msgs/srv/_get_metadata.py
[20.653s] -- Installing: /home/ole/oleros2/install/lidar_msgs/local/lib/python3.10/dist-packages/lidar_msgs/srv/_get_metadata_s.c
[20.653s] -- Installing: /home/ole/oleros2/install/lidar_msgs/local/lib/python3.10/dist-packages/lidar_msgs/lidar_msgs_s__rosidl_typesupport_introspection_c.cpython-310-x86_64-linux-gnu.so
[20.713s] Listing '/home/ole/oleros2/install/lidar_msgs/local/lib/python3.10/dist-packages/lidar_msgs'...
[20.714s] Compiling '/home/ole/oleros2/install/lidar_msgs/local/lib/python3.10/dist-packages/lidar_msgs/__init__.py'...
[20.714s] Listing '/home/ole/oleros2/install/lidar_msgs/local/lib/python3.10/dist-packages/lidar_msgs/msg'...
[20.714s] Compiling '/home/ole/oleros2/install/lidar_msgs/local/lib/python3.10/dist-packages/lidar_msgs/msg/__init__.py'...
[20.714s] Compiling '/home/ole/oleros2/install/lidar_msgs/local/lib/python3.10/dist-packages/lidar_msgs/msg/_metadata.py'...
[20.714s] Listing '/home/ole/oleros2/install/lidar_msgs/local/lib/python3.10/dist-packages/lidar_msgs/srv'...
[20.715s] Compiling '/home/ole/oleros2/install/lidar_msgs/local/lib/python3.10/dist-packages/lidar_msgs/srv/__init__.py'...
[20.715s] Compiling '/home/ole/oleros2/install/lidar_msgs/local/lib/python3.10/dist-packages/lidar_msgs/srv/_get_metadata.py'...
[20.721s] -- Installing: /home/ole/oleros2/install/lidar_msgs/local/lib/python3.10/dist-packages/lidar_msgs/lidar_msgs_s__rosidl_typesupport_fastrtps_c.cpython-310-x86_64-linux-gnu.so
[20.722s] -- Set runtime path of "/home/ole/oleros2/install/lidar_msgs/local/lib/python3.10/dist-packages/lidar_msgs/lidar_msgs_s__rosidl_typesupport_fastrtps_c.cpython-310-x86_64-linux-gnu.so" to ""
[20.723s] -- Installing: /home/ole/oleros2/install/lidar_msgs/local/lib/python3.10/dist-packages/lidar_msgs/lidar_msgs_s__rosidl_typesupport_introspection_c.cpython-310-x86_64-linux-gnu.so
[20.723s] -- Set runtime path of "/home/ole/oleros2/install/lidar_msgs/local/lib/python3.10/dist-packages/lidar_msgs/lidar_msgs_s__rosidl_typesupport_introspection_c.cpython-310-x86_64-linux-gnu.so" to ""
[20.724s] -- Installing: /home/ole/oleros2/install/lidar_msgs/local/lib/python3.10/dist-packages/lidar_msgs/lidar_msgs_s__rosidl_typesupport_c.cpython-310-x86_64-linux-gnu.so
[20.724s] -- Set runtime path of "/home/ole/oleros2/install/lidar_msgs/local/lib/python3.10/dist-packages/lidar_msgs/lidar_msgs_s__rosidl_typesupport_c.cpython-310-x86_64-linux-gnu.so" to ""
[20.724s] -- Installing: /home/ole/oleros2/install/lidar_msgs/lib/liblidar_msgs__rosidl_generator_py.so
[20.725s] -- Set runtime path of "/home/ole/oleros2/install/lidar_msgs/lib/liblidar_msgs__rosidl_generator_py.so" to ""
[20.725s] -- Installing: /home/ole/oleros2/install/lidar_msgs/share/lidar_msgs/srv/GetMetadata.idl
[20.726s] -- Installing: /home/ole/oleros2/install/lidar_msgs/share/lidar_msgs/msg/Metadata.idl
[20.726s] -- Installing: /home/ole/oleros2/install/lidar_msgs/share/lidar_msgs/srv/GetMetadata.srv
[20.726s] -- Installing: /home/ole/oleros2/install/lidar_msgs/share/lidar_msgs/srv/GetMetadata_Request.msg
[20.727s] -- Installing: /home/ole/oleros2/install/lidar_msgs/share/lidar_msgs/srv/GetMetadata_Response.msg
[20.727s] -- Installing: /home/ole/oleros2/install/lidar_msgs/share/lidar_msgs/msg/Metadata.msg
[20.727s] -- Installing: /home/ole/oleros2/install/lidar_msgs/share/ament_index/resource_index/package_run_dependencies/lidar_msgs
[20.728s] -- Installing: /home/ole/oleros2/install/lidar_msgs/share/ament_index/resource_index/parent_prefix_path/lidar_msgs
[20.728s] -- Installing: /home/ole/oleros2/install/lidar_msgs/share/lidar_msgs/environment/ament_prefix_path.sh
[20.729s] -- Installing: /home/ole/oleros2/install/lidar_msgs/share/lidar_msgs/environment/ament_prefix_path.dsv
[20.729s] -- Installing: /home/ole/oleros2/install/lidar_msgs/share/lidar_msgs/environment/path.sh
[20.729s] -- Installing: /home/ole/oleros2/install/lidar_msgs/share/lidar_msgs/environment/path.dsv
[20.729s] -- Installing: /home/ole/oleros2/install/lidar_msgs/share/lidar_msgs/local_setup.bash
[20.730s] -- Installing: /home/ole/oleros2/install/lidar_msgs/share/lidar_msgs/local_setup.sh
[20.730s] -- Installing: /home/ole/oleros2/install/lidar_msgs/share/lidar_msgs/local_setup.zsh
[20.730s] -- Installing: /home/ole/oleros2/install/lidar_msgs/share/lidar_msgs/local_setup.dsv
[20.731s] -- Installing: /home/ole/oleros2/install/lidar_msgs/share/lidar_msgs/package.dsv
[20.731s] -- Installing: /home/ole/oleros2/install/lidar_msgs/share/ament_index/resource_index/packages/lidar_msgs
[20.732s] -- Installing: /home/ole/oleros2/install/lidar_msgs/share/lidar_msgs/cmake/export_lidar_msgs__rosidl_generator_cExport.cmake
[20.732s] -- Installing: /home/ole/oleros2/install/lidar_msgs/share/lidar_msgs/cmake/export_lidar_msgs__rosidl_generator_cExport-noconfig.cmake
[20.732s] -- Installing: /home/ole/oleros2/install/lidar_msgs/share/lidar_msgs/cmake/export_lidar_msgs__rosidl_typesupport_fastrtps_cExport.cmake
[20.733s] -- Installing: /home/ole/oleros2/install/lidar_msgs/share/lidar_msgs/cmake/export_lidar_msgs__rosidl_typesupport_fastrtps_cExport-noconfig.cmake
[20.733s] -- Installing: /home/ole/oleros2/install/lidar_msgs/share/lidar_msgs/cmake/export_lidar_msgs__rosidl_generator_cppExport.cmake
[20.733s] -- Installing: /home/ole/oleros2/install/lidar_msgs/share/lidar_msgs/cmake/export_lidar_msgs__rosidl_typesupport_fastrtps_cppExport.cmake
[20.734s] -- Installing: /home/ole/oleros2/install/lidar_msgs/share/lidar_msgs/cmake/export_lidar_msgs__rosidl_typesupport_fastrtps_cppExport-noconfig.cmake
[20.734s] -- Installing: /home/ole/oleros2/install/lidar_msgs/share/lidar_msgs/cmake/lidar_msgs__rosidl_typesupport_introspection_cExport.cmake
[20.735s] -- Installing: /home/ole/oleros2/install/lidar_msgs/share/lidar_msgs/cmake/lidar_msgs__rosidl_typesupport_introspection_cExport-noconfig.cmake
[20.735s] -- Installing: /home/ole/oleros2/install/lidar_msgs/share/lidar_msgs/cmake/lidar_msgs__rosidl_typesupport_cExport.cmake
[20.735s] -- Installing: /home/ole/oleros2/install/lidar_msgs/share/lidar_msgs/cmake/lidar_msgs__rosidl_typesupport_cExport-noconfig.cmake
[20.736s] -- Installing: /home/ole/oleros2/install/lidar_msgs/share/lidar_msgs/cmake/lidar_msgs__rosidl_typesupport_introspection_cppExport.cmake
[20.736s] -- Installing: /home/ole/oleros2/install/lidar_msgs/share/lidar_msgs/cmake/lidar_msgs__rosidl_typesupport_introspection_cppExport-noconfig.cmake
[20.736s] -- Installing: /home/ole/oleros2/install/lidar_msgs/share/lidar_msgs/cmake/lidar_msgs__rosidl_typesupport_cppExport.cmake
[20.737s] -- Installing: /home/ole/oleros2/install/lidar_msgs/share/lidar_msgs/cmake/lidar_msgs__rosidl_typesupport_cppExport-noconfig.cmake
[20.737s] -- Installing: /home/ole/oleros2/install/lidar_msgs/share/lidar_msgs/cmake/export_lidar_msgs__rosidl_generator_pyExport.cmake
[20.737s] -- Installing: /home/ole/oleros2/install/lidar_msgs/share/lidar_msgs/cmake/export_lidar_msgs__rosidl_generator_pyExport-noconfig.cmake
[20.738s] -- Installing: /home/ole/oleros2/install/lidar_msgs/share/lidar_msgs/cmake/rosidl_cmake-extras.cmake
[20.738s] -- Installing: /home/ole/oleros2/install/lidar_msgs/share/lidar_msgs/cmake/ament_cmake_export_dependencies-extras.cmake
[20.738s] -- Installing: /home/ole/oleros2/install/lidar_msgs/share/lidar_msgs/cmake/ament_cmake_export_include_directories-extras.cmake
[20.739s] -- Installing: /home/ole/oleros2/install/lidar_msgs/share/lidar_msgs/cmake/ament_cmake_export_libraries-extras.cmake
[20.739s] -- Installing: /home/ole/oleros2/install/lidar_msgs/share/lidar_msgs/cmake/ament_cmake_export_targets-extras.cmake
[20.740s] -- Installing: /home/ole/oleros2/install/lidar_msgs/share/lidar_msgs/cmake/rosidl_cmake_export_typesupport_targets-extras.cmake
[20.740s] -- Installing: /home/ole/oleros2/install/lidar_msgs/share/lidar_msgs/cmake/rosidl_cmake_export_typesupport_libraries-extras.cmake
[20.740s] -- Installing: /home/ole/oleros2/install/lidar_msgs/share/lidar_msgs/cmake/lidar_msgsConfig.cmake
[20.741s] -- Installing: /home/ole/oleros2/install/lidar_msgs/share/lidar_msgs/cmake/lidar_msgsConfig-version.cmake
[20.741s] -- Installing: /home/ole/oleros2/install/lidar_msgs/share/lidar_msgs/package.xml
[20.758s] Invoked command in '/home/ole/oleros2/build/lidar_msgs' returned '0': CMAKE_PREFIX_PATH=/opt/ros/humble /usr/bin/cmake --install /home/ole/oleros2/build/lidar_msgs
